{"/Users/sswaroop/work/gauge/FT/gauge-lsp-tests/data/code-action/tests/step_implementation.js":{"path":"/Users/sswaroop/work/gauge/FT/gauge-lsp-tests/data/code-action/tests/step_implementation.js","statementMap":{"0":{"start":{"line":5,"column":13},"end":{"line":5,"column":30}},"1":{"start":{"line":7,"column":0},"end":{"line":9,"column":3}}},"fnMap":{"0":{"name":"(anonymous_0)","decl":{"start":{"line":7,"column":13},"end":{"line":7,"column":14}},"loc":{"start":{"line":7,"column":23},"end":{"line":9,"column":1}},"line":7}},"branchMap":{},"s":{"0":0,"1":0},"f":{"0":0},"b":{}},"/Users/sswaroop/work/gauge/FT/gauge-lsp-tests/data/executionStatus/reports/html-report/js/search_index.js":{"path":"/Users/sswaroop/work/gauge/FT/gauge-lsp-tests/data/executionStatus/reports/html-report/js/search_index.js","statementMap":{"0":{"start":{"line":1,"column":12},"end":{"line":1,"column":34}}},"fnMap":{},"branchMap":{},"s":{"0":0},"f":{},"b":{}},"/Users/sswaroop/work/gauge/FT/gauge-lsp-tests/data/executionStatus/tests/step_implementation.js":{"path":"/Users/sswaroop/work/gauge/FT/gauge-lsp-tests/data/executionStatus/tests/step_implementation.js","statementMap":{"0":{"start":{"line":5,"column":13},"end":{"line":5,"column":30}},"1":{"start":{"line":7,"column":0},"end":{"line":8,"column":3}},"2":{"start":{"line":10,"column":0},"end":{"line":12,"column":3}},"3":{"start":{"line":11,"column":1},"end":{"line":11,"column":22}}},"fnMap":{"0":{"name":"(anonymous_0)","decl":{"start":{"line":7,"column":27},"end":{"line":7,"column":28}},"loc":{"start":{"line":7,"column":44},"end":{"line":8,"column":1}},"line":7},"1":{"name":"(anonymous_1)","decl":{"start":{"line":10,"column":23},"end":{"line":10,"column":24}},"loc":{"start":{"line":10,"column":40},"end":{"line":12,"column":1}},"line":10}},"branchMap":{},"s":{"0":0,"1":0,"2":0,"3":0},"f":{"0":0,"1":0},"b":{}},"/Users/sswaroop/work/gauge/FT/gauge-lsp-tests/data/find-usages/tests/step_implementation.js":{"path":"/Users/sswaroop/work/gauge/FT/gauge-lsp-tests/data/find-usages/tests/step_implementation.js","statementMap":{"0":{"start":{"line":5,"column":13},"end":{"line":5,"column":30}},"1":{"start":{"line":7,"column":13},"end":{"line":7,"column":38}},"2":{"start":{"line":9,"column":21},"end":{"line":12,"column":1}},"3":{"start":{"line":10,"column":17},"end":{"line":10,"column":93}},"4":{"start":{"line":10,"column":57},"end":{"line":10,"column":90}},"5":{"start":{"line":11,"column":2},"end":{"line":11,"column":25}},"6":{"start":{"line":14,"column":0},"end":{"line":16,"column":3}},"7":{"start":{"line":15,"column":2},"end":{"line":15,"column":45}},"8":{"start":{"line":18,"column":0},"end":{"line":20,"column":3}},"9":{"start":{"line":19,"column":2},"end":{"line":19,"column":45}},"10":{"start":{"line":22,"column":0},"end":{"line":26,"column":3}},"11":{"start":{"line":23,"column":2},"end":{"line":25,"column":5}},"12":{"start":{"line":24,"column":4},"end":{"line":24,"column":71}},"13":{"start":{"line":28,"column":0},"end":{"line":32,"column":3}},"14":{"start":{"line":29,"column":2},"end":{"line":31,"column":5}},"15":{"start":{"line":30,"column":4},"end":{"line":30,"column":71}},"16":{"start":{"line":35,"column":0},"end":{"line":37,"column":3}},"17":{"start":{"line":36,"column":2},"end":{"line":36,"column":41}},"18":{"start":{"line":39,"column":0},"end":{"line":41,"column":31}},"19":{"start":{"line":40,"column":2},"end":{"line":40,"column":31}}},"fnMap":{"0":{"name":"(anonymous_0)","decl":{"start":{"line":9,"column":21},"end":{"line":9,"column":22}},"loc":{"start":{"line":9,"column":37},"end":{"line":12,"column":1}},"line":9},"1":{"name":"(anonymous_1)","decl":{"start":{"line":10,"column":39},"end":{"line":10,"column":40}},"loc":{"start":{"line":10,"column":55},"end":{"line":10,"column":92}},"line":10},"2":{"name":"(anonymous_2)","decl":{"start":{"line":14,"column":49},"end":{"line":14,"column":50}},"loc":{"start":{"line":14,"column":71},"end":{"line":16,"column":1}},"line":14},"3":{"name":"(anonymous_3)","decl":{"start":{"line":18,"column":45},"end":{"line":18,"column":46}},"loc":{"start":{"line":18,"column":68},"end":{"line":20,"column":1}},"line":18},"4":{"name":"(anonymous_4)","decl":{"start":{"line":22,"column":45},"end":{"line":22,"column":46}},"loc":{"start":{"line":22,"column":61},"end":{"line":26,"column":1}},"line":22},"5":{"name":"(anonymous_5)","decl":{"start":{"line":23,"column":21},"end":{"line":23,"column":22}},"loc":{"start":{"line":23,"column":36},"end":{"line":25,"column":3}},"line":23},"6":{"name":"(anonymous_6)","decl":{"start":{"line":28,"column":32},"end":{"line":28,"column":33}},"loc":{"start":{"line":28,"column":48},"end":{"line":32,"column":1}},"line":28},"7":{"name":"(anonymous_7)","decl":{"start":{"line":29,"column":21},"end":{"line":29,"column":22}},"loc":{"start":{"line":29,"column":36},"end":{"line":31,"column":3}},"line":29},"8":{"name":"(anonymous_8)","decl":{"start":{"line":35,"column":15},"end":{"line":35,"column":16}},"loc":{"start":{"line":35,"column":27},"end":{"line":37,"column":1}},"line":35},"9":{"name":"(anonymous_9)","decl":{"start":{"line":39,"column":15},"end":{"line":39,"column":16}},"loc":{"start":{"line":39,"column":27},"end":{"line":41,"column":1}},"line":39}},"branchMap":{},"s":{"0":0,"1":0,"2":0,"3":0,"4":0,"5":0,"6":0,"7":0,"8":0,"9":0,"10":0,"11":0,"12":0,"13":0,"14":0,"15":0,"16":0,"17":0,"18":0,"19":0},"f":{"0":0,"1":0,"2":0,"3":0,"4":0,"5":0,"6":0,"7":0,"8":0,"9":0},"b":{}},"/Users/sswaroop/work/gauge/FT/gauge-lsp-tests/data/find-usages/tests/with_alias.js":{"path":"/Users/sswaroop/work/gauge/FT/gauge-lsp-tests/data/find-usages/tests/with_alias.js","statementMap":{"0":{"start":{"line":5,"column":0},"end":{"line":6,"column":3}}},"fnMap":{"0":{"name":"(anonymous_0)","decl":{"start":{"line":5,"column":26},"end":{"line":5,"column":27}},"loc":{"start":{"line":5,"column":37},"end":{"line":6,"column":1}},"line":5}},"branchMap":{},"s":{"0":0},"f":{"0":0},"b":{}},"/Users/sswaroop/work/gauge/FT/gauge-lsp-tests/data/generatestubs/tests/step_implementation.js":{"path":"/Users/sswaroop/work/gauge/FT/gauge-lsp-tests/data/generatestubs/tests/step_implementation.js","statementMap":{"0":{"start":{"line":5,"column":13},"end":{"line":5,"column":30}},"1":{"start":{"line":7,"column":0},"end":{"line":9,"column":3}}},"fnMap":{"0":{"name":"(anonymous_0)","decl":{"start":{"line":7,"column":13},"end":{"line":7,"column":14}},"loc":{"start":{"line":7,"column":23},"end":{"line":9,"column":1}},"line":7}},"branchMap":{},"s":{"0":0,"1":0},"f":{"0":0},"b":{}},"/Users/sswaroop/work/gauge/FT/gauge-lsp-tests/data/performance/tests/step_implementation.js":{"path":"/Users/sswaroop/work/gauge/FT/gauge-lsp-tests/data/performance/tests/step_implementation.js","statementMap":{"0":{"start":{"line":2,"column":15},"end":{"line":2,"column":32}},"1":{"start":{"line":9,"column":4},"end":{"line":9,"column":20}},"2":{"start":{"line":11,"column":0},"end":{"line":11,"column":38}},"3":{"start":{"line":11,"column":23},"end":{"line":11,"column":36}},"4":{"start":{"line":13,"column":0},"end":{"line":13,"column":38}},"5":{"start":{"line":13,"column":22},"end":{"line":13,"column":36}},"6":{"start":{"line":15,"column":0},"end":{"line":15,"column":53}},"7":{"start":{"line":15,"column":23},"end":{"line":15,"column":51}},"8":{"start":{"line":17,"column":0},"end":{"line":17,"column":71}},"9":{"start":{"line":17,"column":58},"end":{"line":17,"column":69}},"10":{"start":{"line":19,"column":0},"end":{"line":19,"column":89}},"11":{"start":{"line":19,"column":42},"end":{"line":19,"column":87}},"12":{"start":{"line":21,"column":0},"end":{"line":21,"column":69}},"13":{"start":{"line":21,"column":48},"end":{"line":21,"column":67}},"14":{"start":{"line":23,"column":0},"end":{"line":23,"column":92}},"15":{"start":{"line":23,"column":53},"end":{"line":23,"column":90}},"16":{"start":{"line":25,"column":0},"end":{"line":25,"column":91}},"17":{"start":{"line":25,"column":50},"end":{"line":25,"column":89}},"18":{"start":{"line":27,"column":0},"end":{"line":27,"column":90}},"19":{"start":{"line":27,"column":45},"end":{"line":27,"column":88}},"20":{"start":{"line":29,"column":0},"end":{"line":37,"column":3}},"21":{"start":{"line":30,"column":4},"end":{"line":30,"column":50}},"22":{"start":{"line":31,"column":4},"end":{"line":31,"column":56}},"23":{"start":{"line":32,"column":4},"end":{"line":32,"column":43}},"24":{"start":{"line":33,"column":4},"end":{"line":33,"column":62}},"25":{"start":{"line":35,"column":4},"end":{"line":35,"column":31}},"26":{"start":{"line":36,"column":4},"end":{"line":36,"column":27}},"27":{"start":{"line":39,"column":0},"end":{"line":40,"column":3}},"28":{"start":{"line":42,"column":0},"end":{"line":43,"column":3}},"29":{"start":{"line":45,"column":0},"end":{"line":53,"column":3}},"30":{"start":{"line":46,"column":4},"end":{"line":46,"column":84}},"31":{"start":{"line":48,"column":4},"end":{"line":48,"column":54}},"32":{"start":{"line":49,"column":4},"end":{"line":49,"column":45}},"33":{"start":{"line":51,"column":4},"end":{"line":51,"column":52}},"34":{"start":{"line":52,"column":4},"end":{"line":52,"column":54}},"35":{"start":{"line":55,"column":0},"end":{"line":62,"column":3}},"36":{"start":{"line":56,"column":18},"end":{"line":56,"column":58}},"37":{"start":{"line":57,"column":4},"end":{"line":57,"column":38}},"38":{"start":{"line":58,"column":4},"end":{"line":58,"column":46}},"39":{"start":{"line":59,"column":4},"end":{"line":59,"column":25}},"40":{"start":{"line":61,"column":4},"end":{"line":61,"column":56}},"41":{"start":{"line":64,"column":0},"end":{"line":71,"column":3}},"42":{"start":{"line":65,"column":4},"end":{"line":65,"column":57}},"43":{"start":{"line":67,"column":4},"end":{"line":67,"column":56}},"44":{"start":{"line":68,"column":4},"end":{"line":68,"column":56}},"45":{"start":{"line":70,"column":4},"end":{"line":70,"column":46}},"46":{"start":{"line":73,"column":0},"end":{"line":78,"column":3}},"47":{"start":{"line":74,"column":16},"end":{"line":74,"column":32}},"48":{"start":{"line":75,"column":4},"end":{"line":75,"column":34}},"49":{"start":{"line":76,"column":4},"end":{"line":76,"column":29}},"50":{"start":{"line":77,"column":4},"end":{"line":77,"column":44}},"51":{"start":{"line":80,"column":0},"end":{"line":85,"column":3}},"52":{"start":{"line":81,"column":16},"end":{"line":81,"column":35}},"53":{"start":{"line":82,"column":4},"end":{"line":82,"column":34}},"54":{"start":{"line":83,"column":4},"end":{"line":83,"column":47}},"55":{"start":{"line":84,"column":4},"end":{"line":84,"column":37}},"56":{"start":{"line":87,"column":0},"end":{"line":92,"column":3}},"57":{"start":{"line":88,"column":19},"end":{"line":88,"column":40}},"58":{"start":{"line":89,"column":4},"end":{"line":89,"column":37}},"59":{"start":{"line":90,"column":4},"end":{"line":90,"column":50}},"60":{"start":{"line":91,"column":4},"end":{"line":91,"column":41}},"61":{"start":{"line":94,"column":0},"end":{"line":98,"column":3}},"62":{"start":{"line":95,"column":18},"end":{"line":95,"column":42}},"63":{"start":{"line":96,"column":4},"end":{"line":96,"column":40}},"64":{"start":{"line":97,"column":4},"end":{"line":97,"column":58}},"65":{"start":{"line":100,"column":0},"end":{"line":106,"column":3}},"66":{"start":{"line":101,"column":4},"end":{"line":101,"column":28}},"67":{"start":{"line":102,"column":4},"end":{"line":102,"column":44}},"68":{"start":{"line":103,"column":18},"end":{"line":103,"column":39}},"69":{"start":{"line":104,"column":4},"end":{"line":104,"column":36}},"70":{"start":{"line":105,"column":4},"end":{"line":105,"column":48}},"71":{"start":{"line":108,"column":0},"end":{"line":126,"column":3}},"72":{"start":{"line":109,"column":4},"end":{"line":109,"column":32}},"73":{"start":{"line":112,"column":4},"end":{"line":112,"column":27}},"74":{"start":{"line":113,"column":4},"end":{"line":113,"column":23}},"75":{"start":{"line":114,"column":4},"end":{"line":114,"column":26}},"76":{"start":{"line":115,"column":4},"end":{"line":115,"column":26}},"77":{"start":{"line":116,"column":4},"end":{"line":116,"column":24}},"78":{"start":{"line":117,"column":4},"end":{"line":117,"column":21}},"79":{"start":{"line":120,"column":4},"end":{"line":120,"column":40}},"80":{"start":{"line":121,"column":4},"end":{"line":121,"column":39}},"81":{"start":{"line":122,"column":4},"end":{"line":122,"column":34}},"82":{"start":{"line":123,"column":4},"end":{"line":123,"column":39}},"83":{"start":{"line":124,"column":4},"end":{"line":124,"column":32}},"84":{"start":{"line":125,"column":4},"end":{"line":125,"column":37}},"85":{"start":{"line":128,"column":0},"end":{"line":134,"column":3}},"86":{"start":{"line":129,"column":4},"end":{"line":129,"column":61}},"87":{"start":{"line":129,"column":38},"end":{"line":129,"column":59}},"88":{"start":{"line":130,"column":4},"end":{"line":130,"column":61}},"89":{"start":{"line":130,"column":38},"end":{"line":130,"column":59}},"90":{"start":{"line":132,"column":4},"end":{"line":132,"column":58}},"91":{"start":{"line":133,"column":4},"end":{"line":133,"column":59}}},"fnMap":{"0":{"name":"(anonymous_0)","decl":{"start":{"line":11,"column":12},"end":{"line":11,"column":13}},"loc":{"start":{"line":11,"column":23},"end":{"line":11,"column":36}},"line":11},"1":{"name":"(anonymous_1)","decl":{"start":{"line":13,"column":11},"end":{"line":13,"column":12}},"loc":{"start":{"line":13,"column":22},"end":{"line":13,"column":36}},"line":13},"2":{"name":"(anonymous_2)","decl":{"start":{"line":15,"column":11},"end":{"line":15,"column":12}},"loc":{"start":{"line":15,"column":22},"end":{"line":15,"column":52}},"line":15},"3":{"name":"(anonymous_3)","decl":{"start":{"line":17,"column":43},"end":{"line":17,"column":44}},"loc":{"start":{"line":17,"column":58},"end":{"line":17,"column":69}},"line":17},"4":{"name":"(anonymous_4)","decl":{"start":{"line":19,"column":31},"end":{"line":19,"column":32}},"loc":{"start":{"line":19,"column":42},"end":{"line":19,"column":87}},"line":19},"5":{"name":"(anonymous_5)","decl":{"start":{"line":21,"column":37},"end":{"line":21,"column":38}},"loc":{"start":{"line":21,"column":48},"end":{"line":21,"column":67}},"line":21},"6":{"name":"(anonymous_6)","decl":{"start":{"line":23,"column":38},"end":{"line":23,"column":39}},"loc":{"start":{"line":23,"column":53},"end":{"line":23,"column":90}},"line":23},"7":{"name":"(anonymous_7)","decl":{"start":{"line":25,"column":39},"end":{"line":25,"column":40}},"loc":{"start":{"line":25,"column":50},"end":{"line":25,"column":89}},"line":25},"8":{"name":"(anonymous_8)","decl":{"start":{"line":27,"column":34},"end":{"line":27,"column":35}},"loc":{"start":{"line":27,"column":45},"end":{"line":27,"column":88}},"line":27},"9":{"name":"(anonymous_9)","decl":{"start":{"line":29,"column":27},"end":{"line":29,"column":28}},"loc":{"start":{"line":29,"column":38},"end":{"line":37,"column":1}},"line":29},"10":{"name":"(anonymous_10)","decl":{"start":{"line":39,"column":14},"end":{"line":39,"column":15}},"loc":{"start":{"line":39,"column":31},"end":{"line":40,"column":1}},"line":39},"11":{"name":"(anonymous_11)","decl":{"start":{"line":42,"column":14},"end":{"line":42,"column":15}},"loc":{"start":{"line":42,"column":31},"end":{"line":43,"column":1}},"line":42},"12":{"name":"(anonymous_12)","decl":{"start":{"line":45,"column":37},"end":{"line":45,"column":38}},"loc":{"start":{"line":45,"column":48},"end":{"line":53,"column":1}},"line":45},"13":{"name":"(anonymous_13)","decl":{"start":{"line":55,"column":25},"end":{"line":55,"column":26}},"loc":{"start":{"line":55,"column":36},"end":{"line":62,"column":1}},"line":55},"14":{"name":"(anonymous_14)","decl":{"start":{"line":64,"column":32},"end":{"line":64,"column":33}},"loc":{"start":{"line":64,"column":43},"end":{"line":71,"column":1}},"line":64},"15":{"name":"(anonymous_15)","decl":{"start":{"line":73,"column":18},"end":{"line":73,"column":19}},"loc":{"start":{"line":73,"column":29},"end":{"line":78,"column":1}},"line":73},"16":{"name":"(anonymous_16)","decl":{"start":{"line":80,"column":18},"end":{"line":80,"column":19}},"loc":{"start":{"line":80,"column":29},"end":{"line":85,"column":1}},"line":80},"17":{"name":"(anonymous_17)","decl":{"start":{"line":87,"column":21},"end":{"line":87,"column":22}},"loc":{"start":{"line":87,"column":32},"end":{"line":92,"column":1}},"line":87},"18":{"name":"(anonymous_18)","decl":{"start":{"line":94,"column":15},"end":{"line":94,"column":16}},"loc":{"start":{"line":94,"column":26},"end":{"line":98,"column":1}},"line":94},"19":{"name":"(anonymous_19)","decl":{"start":{"line":100,"column":19},"end":{"line":100,"column":20}},"loc":{"start":{"line":100,"column":30},"end":{"line":106,"column":1}},"line":100},"20":{"name":"(anonymous_20)","decl":{"start":{"line":108,"column":15},"end":{"line":108,"column":16}},"loc":{"start":{"line":108,"column":26},"end":{"line":126,"column":1}},"line":108},"21":{"name":"(anonymous_21)","decl":{"start":{"line":128,"column":14},"end":{"line":128,"column":15}},"loc":{"start":{"line":128,"column":25},"end":{"line":134,"column":1}},"line":128},"22":{"name":"(anonymous_22)","decl":{"start":{"line":129,"column":23},"end":{"line":129,"column":24}},"loc":{"start":{"line":129,"column":38},"end":{"line":129,"column":59}},"line":129},"23":{"name":"(anonymous_23)","decl":{"start":{"line":130,"column":23},"end":{"line":130,"column":24}},"loc":{"start":{"line":130,"column":38},"end":{"line":130,"column":59}},"line":130}},"branchMap":{},"s":{"0":0,"1":0,"2":0,"3":0,"4":0,"5":0,"6":0,"7":0,"8":0,"9":0,"10":0,"11":0,"12":0,"13":0,"14":0,"15":0,"16":0,"17":0,"18":0,"19":0,"20":0,"21":0,"22":0,"23":0,"24":0,"25":0,"26":0,"27":0,"28":0,"29":0,"30":0,"31":0,"32":0,"33":0,"34":0,"35":0,"36":0,"37":0,"38":0,"39":0,"40":0,"41":0,"42":0,"43":0,"44":0,"45":0,"46":0,"47":0,"48":0,"49":0,"50":0,"51":0,"52":0,"53":0,"54":0,"55":0,"56":0,"57":0,"58":0,"59":0,"60":0,"61":0,"62":0,"63":0,"64":0,"65":0,"66":0,"67":0,"68":0,"69":0,"70":0,"71":0,"72":0,"73":0,"74":0,"75":0,"76":0,"77":0,"78":0,"79":0,"80":0,"81":0,"82":0,"83":0,"84":0,"85":0,"86":0,"87":0,"88":0,"89":0,"90":0,"91":0},"f":{"0":0,"1":0,"2":0,"3":0,"4":0,"5":0,"6":0,"7":0,"8":0,"9":0,"10":0,"11":0,"12":0,"13":0,"14":0,"15":0,"16":0,"17":0,"18":0,"19":0,"20":0,"21":0,"22":0,"23":0},"b":{}},"/Users/sswaroop/work/gauge/FT/gauge-lsp-tests/data/refactor/tests/step_implementation.js":{"path":"/Users/sswaroop/work/gauge/FT/gauge-lsp-tests/data/refactor/tests/step_implementation.js","statementMap":{"0":{"start":{"line":5,"column":13},"end":{"line":5,"column":30}},"1":{"start":{"line":7,"column":13},"end":{"line":7,"column":38}},"2":{"start":{"line":9,"column":21},"end":{"line":12,"column":1}},"3":{"start":{"line":10,"column":17},"end":{"line":10,"column":93}},"4":{"start":{"line":10,"column":57},"end":{"line":10,"column":90}},"5":{"start":{"line":11,"column":2},"end":{"line":11,"column":25}},"6":{"start":{"line":14,"column":0},"end":{"line":16,"column":3}},"7":{"start":{"line":15,"column":2},"end":{"line":15,"column":45}},"8":{"start":{"line":18,"column":0},"end":{"line":20,"column":3}},"9":{"start":{"line":19,"column":2},"end":{"line":19,"column":45}},"10":{"start":{"line":22,"column":0},"end":{"line":26,"column":3}},"11":{"start":{"line":23,"column":2},"end":{"line":25,"column":5}},"12":{"start":{"line":24,"column":4},"end":{"line":24,"column":71}},"13":{"start":{"line":28,"column":0},"end":{"line":29,"column":3}},"14":{"start":{"line":31,"column":0},"end":{"line":33,"column":3}},"15":{"start":{"line":32,"column":2},"end":{"line":32,"column":41}},"16":{"start":{"line":35,"column":0},"end":{"line":37,"column":31}},"17":{"start":{"line":36,"column":2},"end":{"line":36,"column":31}},"18":{"start":{"line":39,"column":0},"end":{"line":41,"column":3}},"19":{"start":{"line":40,"column":1},"end":{"line":40,"column":28}},"20":{"start":{"line":43,"column":0},"end":{"line":45,"column":3}},"21":{"start":{"line":44,"column":1},"end":{"line":44,"column":28}}},"fnMap":{"0":{"name":"(anonymous_0)","decl":{"start":{"line":9,"column":21},"end":{"line":9,"column":22}},"loc":{"start":{"line":9,"column":37},"end":{"line":12,"column":1}},"line":9},"1":{"name":"(anonymous_1)","decl":{"start":{"line":10,"column":39},"end":{"line":10,"column":40}},"loc":{"start":{"line":10,"column":55},"end":{"line":10,"column":92}},"line":10},"2":{"name":"(anonymous_2)","decl":{"start":{"line":14,"column":49},"end":{"line":14,"column":50}},"loc":{"start":{"line":14,"column":71},"end":{"line":16,"column":1}},"line":14},"3":{"name":"(anonymous_3)","decl":{"start":{"line":18,"column":45},"end":{"line":18,"column":46}},"loc":{"start":{"line":18,"column":68},"end":{"line":20,"column":1}},"line":18},"4":{"name":"(anonymous_4)","decl":{"start":{"line":22,"column":45},"end":{"line":22,"column":46}},"loc":{"start":{"line":22,"column":61},"end":{"line":26,"column":1}},"line":22},"5":{"name":"(anonymous_5)","decl":{"start":{"line":23,"column":21},"end":{"line":23,"column":22}},"loc":{"start":{"line":23,"column":36},"end":{"line":25,"column":3}},"line":23},"6":{"name":"(anonymous_6)","decl":{"start":{"line":28,"column":18},"end":{"line":28,"column":19}},"loc":{"start":{"line":28,"column":29},"end":{"line":29,"column":1}},"line":28},"7":{"name":"(anonymous_7)","decl":{"start":{"line":31,"column":15},"end":{"line":31,"column":16}},"loc":{"start":{"line":31,"column":27},"end":{"line":33,"column":1}},"line":31},"8":{"name":"(anonymous_8)","decl":{"start":{"line":35,"column":15},"end":{"line":35,"column":16}},"loc":{"start":{"line":35,"column":27},"end":{"line":37,"column":1}},"line":35},"9":{"name":"(anonymous_9)","decl":{"start":{"line":39,"column":21},"end":{"line":39,"column":22}},"loc":{"start":{"line":39,"column":39},"end":{"line":41,"column":1}},"line":39},"10":{"name":"(anonymous_10)","decl":{"start":{"line":43,"column":29},"end":{"line":43,"column":30}},"loc":{"start":{"line":43,"column":51},"end":{"line":45,"column":1}},"line":43}},"branchMap":{},"s":{"0":0,"1":0,"2":0,"3":0,"4":0,"5":0,"6":0,"7":0,"8":0,"9":0,"10":0,"11":0,"12":0,"13":0,"14":0,"15":0,"16":0,"17":0,"18":0,"19":0,"20":0,"21":0},"f":{"0":0,"1":0,"2":0,"3":0,"4":0,"5":0,"6":0,"7":0,"8":0,"9":0,"10":0},"b":{}},"/Users/sswaroop/work/gauge/FT/gauge-lsp-tests/data/steps-codecomplete/tests/step_implementation.js":{"path":"/Users/sswaroop/work/gauge/FT/gauge-lsp-tests/data/steps-codecomplete/tests/step_implementation.js","statementMap":{"0":{"start":{"line":5,"column":13},"end":{"line":5,"column":30}},"1":{"start":{"line":7,"column":0},"end":{"line":9,"column":3}},"2":{"start":{"line":11,"column":0},"end":{"line":13,"column":3}}},"fnMap":{"0":{"name":"(anonymous_0)","decl":{"start":{"line":7,"column":28},"end":{"line":7,"column":29}},"loc":{"start":{"line":7,"column":38},"end":{"line":9,"column":1}},"line":7},"1":{"name":"(anonymous_1)","decl":{"start":{"line":11,"column":28},"end":{"line":11,"column":29}},"loc":{"start":{"line":11,"column":38},"end":{"line":13,"column":1}},"line":11}},"branchMap":{},"s":{"0":0,"1":0,"2":0},"f":{"0":0,"1":0},"b":{}},"/Users/sswaroop/work/gauge/FT/gauge-lsp-tests/data/steps-codecomplete/tests/step_implementation1.js":{"path":"/Users/sswaroop/work/gauge/FT/gauge-lsp-tests/data/steps-codecomplete/tests/step_implementation1.js","statementMap":{"0":{"start":{"line":5,"column":13},"end":{"line":5,"column":30}},"1":{"start":{"line":7,"column":0},"end":{"line":9,"column":3}},"2":{"start":{"line":11,"column":0},"end":{"line":13,"column":3}}},"fnMap":{"0":{"name":"(anonymous_0)","decl":{"start":{"line":7,"column":30},"end":{"line":7,"column":31}},"loc":{"start":{"line":7,"column":40},"end":{"line":9,"column":1}},"line":7},"1":{"name":"(anonymous_1)","decl":{"start":{"line":11,"column":30},"end":{"line":11,"column":31}},"loc":{"start":{"line":11,"column":40},"end":{"line":13,"column":1}},"line":11}},"branchMap":{},"s":{"0":0,"1":0,"2":0},"f":{"0":0,"1":0},"b":{}},"/Users/sswaroop/work/gauge/FT/gauge-lsp-tests/data/steps-gotodefinition/tests/step_implementation.js":{"path":"/Users/sswaroop/work/gauge/FT/gauge-lsp-tests/data/steps-gotodefinition/tests/step_implementation.js","statementMap":{"0":{"start":{"line":5,"column":13},"end":{"line":5,"column":30}},"1":{"start":{"line":7,"column":0},"end":{"line":9,"column":3}}},"fnMap":{"0":{"name":"(anonymous_0)","decl":{"start":{"line":7,"column":13},"end":{"line":7,"column":14}},"loc":{"start":{"line":7,"column":23},"end":{"line":9,"column":1}},"line":7}},"branchMap":{},"s":{"0":0,"1":0},"f":{"0":0},"b":{}},"/Users/sswaroop/work/gauge/FT/gauge-lsp-tests/reports/html-report/js/auto-complete.min.js":{"path":"/Users/sswaroop/work/gauge/FT/gauge-lsp-tests/reports/html-report/js/auto-complete.min.js","statementMap":{"0":{"start":{"line":3,"column":17},"end":{"line":3,"column":5026}},"1":{"start":{"line":3,"column":58},"end":{"line":3,"column":144}},"2":{"start":{"line":3,"column":163},"end":{"line":3,"column":224}},"3":{"start":{"line":3,"column":243},"end":{"line":3,"column":307}},"4":{"start":{"line":3,"column":328},"end":{"line":3,"column":441}},"5":{"start":{"line":3,"column":356},"end":{"line":3,"column":425}},"6":{"start":{"line":3,"column":407},"end":{"line":3,"column":425}},"7":{"start":{"line":3,"column":425},"end":{"line":3,"column":439}},"8":{"start":{"line":3,"column":442},"end":{"line":3,"column":5014}},"9":{"start":{"line":3,"column":475},"end":{"line":3,"column":807}},"10":{"start":{"line":3,"column":588},"end":{"line":3,"column":633}},"11":{"start":{"line":3,"column":639},"end":{"line":3,"column":686}},"12":{"start":{"line":3,"column":687},"end":{"line":3,"column":783}},"13":{"start":{"line":3,"column":808},"end":{"line":3,"column":856}},"14":{"start":{"line":3,"column":823},"end":{"line":3,"column":856}},"15":{"start":{"line":3,"column":856},"end":{"line":3,"column":4663}},"16":{"start":{"line":3,"column":971},"end":{"line":3,"column":975}},"17":{"start":{"line":3,"column":976},"end":{"line":3,"column":2989}},"18":{"start":{"line":3,"column":1209},"end":{"line":3,"column":1234}},"19":{"start":{"line":3,"column":1235},"end":{"line":3,"column":2031}},"20":{"start":{"line":3,"column":1795},"end":{"line":3,"column":2031}},"21":{"start":{"line":3,"column":1807},"end":{"line":3,"column":1821}},"22":{"start":{"line":3,"column":1824},"end":{"line":3,"column":1886}},"23":{"start":{"line":3,"column":1887},"end":{"line":3,"column":2009}},"24":{"start":{"line":3,"column":2015},"end":{"line":3,"column":2031}},"25":{"start":{"line":3,"column":2153},"end":{"line":3,"column":2208}},"26":{"start":{"line":3,"column":2209},"end":{"line":3,"column":2285}},"27":{"start":{"line":3,"column":2234},"end":{"line":3,"column":2280}},"28":{"start":{"line":3,"column":2350},"end":{"line":3,"column":2405}},"29":{"start":{"line":3,"column":2406},"end":{"line":3,"column":2485}},"30":{"start":{"line":3,"column":2545},"end":{"line":3,"column":2676}},"31":{"start":{"line":3,"column":2589},"end":{"line":3,"column":2618}},"32":{"start":{"line":3,"column":2619},"end":{"line":3,"column":2675}},"33":{"start":{"line":3,"column":2709},"end":{"line":3,"column":2794}},"34":{"start":{"line":3,"column":2719},"end":{"line":3,"column":2776}},"35":{"start":{"line":3,"column":2792},"end":{"line":3,"column":2793}},"36":{"start":{"line":3,"column":2794},"end":{"line":3,"column":2961}},"37":{"start":{"line":3,"column":2846},"end":{"line":3,"column":2855}},"38":{"start":{"line":3,"column":2929},"end":{"line":3,"column":2954}},"39":{"start":{"line":3,"column":2995},"end":{"line":3,"column":3187}},"40":{"start":{"line":3,"column":3013},"end":{"line":3,"column":3020}},"41":{"start":{"line":3,"column":3021},"end":{"line":3,"column":3186}},"42":{"start":{"line":3,"column":3069},"end":{"line":3,"column":3125}},"43":{"start":{"line":3,"column":3101},"end":{"line":3,"column":3125}},"44":{"start":{"line":3,"column":3125},"end":{"line":3,"column":3155}},"45":{"start":{"line":3,"column":3161},"end":{"line":3,"column":3186}},"46":{"start":{"line":3,"column":3188},"end":{"line":3,"column":4662}},"47":{"start":{"line":3,"column":3223},"end":{"line":3,"column":3253}},"48":{"start":{"line":3,"column":3254},"end":{"line":3,"column":3765}},"49":{"start":{"line":3,"column":3297},"end":{"line":3,"column":3352}},"50":{"start":{"line":3,"column":3353},"end":{"line":3,"column":3764}},"51":{"start":{"line":3,"column":3765},"end":{"line":3,"column":4031}},"52":{"start":{"line":3,"column":3774},"end":{"line":3,"column":3819}},"53":{"start":{"line":3,"column":3824},"end":{"line":3,"column":4031}},"54":{"start":{"line":3,"column":3846},"end":{"line":3,"column":3901}},"55":{"start":{"line":3,"column":3902},"end":{"line":3,"column":4030}},"56":{"start":{"line":3,"column":3999},"end":{"line":3,"column":4024}},"57":{"start":{"line":3,"column":4098},"end":{"line":3,"column":4128}},"58":{"start":{"line":3,"column":4129},"end":{"line":3,"column":4531}},"59":{"start":{"line":3,"column":4170},"end":{"line":3,"column":4177}},"60":{"start":{"line":3,"column":4178},"end":{"line":3,"column":4530}},"61":{"start":{"line":3,"column":4203},"end":{"line":3,"column":4486}},"62":{"start":{"line":3,"column":4221},"end":{"line":3,"column":4432}},"63":{"start":{"line":3,"column":4268},"end":{"line":3,"column":4310}},"64":{"start":{"line":3,"column":4284},"end":{"line":3,"column":4310}},"65":{"start":{"line":3,"column":4310},"end":{"line":3,"column":4431}},"66":{"start":{"line":3,"column":4355},"end":{"line":3,"column":4376}},"67":{"start":{"line":3,"column":4377},"end":{"line":3,"column":4430}},"68":{"start":{"line":3,"column":4413},"end":{"line":3,"column":4430}},"69":{"start":{"line":3,"column":4432},"end":{"line":3,"column":4485}},"70":{"start":{"line":3,"column":4462},"end":{"line":3,"column":4475}},"71":{"start":{"line":3,"column":4492},"end":{"line":3,"column":4530}},"72":{"start":{"line":3,"column":4588},"end":{"line":3,"column":4621}},"73":{"start":{"line":3,"column":4663},"end":{"line":3,"column":5013}},"74":{"start":{"line":3,"column":4687},"end":{"line":3,"column":5012}},"75":{"start":{"line":3,"column":4721},"end":{"line":3,"column":4725}},"76":{"start":{"line":3,"column":4726},"end":{"line":3,"column":5011}},"77":{"start":{"line":3,"column":5015},"end":{"line":3,"column":5023}},"78":{"start":{"line":3,"column":5027},"end":{"line":3,"column":5239}},"79":{"start":{"line":3,"column":5039},"end":{"line":3,"column":5235}},"80":{"start":{"line":3,"column":5110},"end":{"line":3,"column":5129}}},"fnMap":{"0":{"name":"(anonymous_0)","decl":{"start":{"line":3,"column":17},"end":{"line":3,"column":18}},"loc":{"start":{"line":3,"column":27},"end":{"line":3,"column":5024}},"line":3},"1":{"name":"e","decl":{"start":{"line":3,"column":37},"end":{"line":3,"column":38}},"loc":{"start":{"line":3,"column":41},"end":{"line":3,"column":5015}},"line":3},"2":{"name":"t","decl":{"start":{"line":3,"column":51},"end":{"line":3,"column":52}},"loc":{"start":{"line":3,"column":57},"end":{"line":3,"column":145}},"line":3},"3":{"name":"o","decl":{"start":{"line":3,"column":154},"end":{"line":3,"column":155}},"loc":{"start":{"line":3,"column":162},"end":{"line":3,"column":225}},"line":3},"4":{"name":"s","decl":{"start":{"line":3,"column":234},"end":{"line":3,"column":235}},"loc":{"start":{"line":3,"column":242},"end":{"line":3,"column":308}},"line":3},"5":{"name":"n","decl":{"start":{"line":3,"column":317},"end":{"line":3,"column":318}},"loc":{"start":{"line":3,"column":327},"end":{"line":3,"column":442}},"line":3},"6":{"name":"(anonymous_6)","decl":{"start":{"line":3,"column":344},"end":{"line":3,"column":345}},"loc":{"start":{"line":3,"column":355},"end":{"line":3,"column":440}},"line":3},"7":{"name":"(anonymous_7)","decl":{"start":{"line":3,"column":574},"end":{"line":3,"column":575}},"loc":{"start":{"line":3,"column":587},"end":{"line":3,"column":784}},"line":3},"8":{"name":"(anonymous_8)","decl":{"start":{"line":3,"column":794},"end":{"line":3,"column":795}},"loc":{"start":{"line":3,"column":804},"end":{"line":3,"column":806}},"line":3},"9":{"name":"(anonymous_9)","decl":{"start":{"line":3,"column":1189},"end":{"line":3,"column":1190}},"loc":{"start":{"line":3,"column":1202},"end":{"line":3,"column":2032}},"line":3},"10":{"name":"(anonymous_10)","decl":{"start":{"line":3,"column":2136},"end":{"line":3,"column":2137}},"loc":{"start":{"line":3,"column":2146},"end":{"line":3,"column":2286}},"line":3},"11":{"name":"(anonymous_11)","decl":{"start":{"line":3,"column":2223},"end":{"line":3,"column":2224}},"loc":{"start":{"line":3,"column":2233},"end":{"line":3,"column":2281}},"line":3},"12":{"name":"(anonymous_12)","decl":{"start":{"line":3,"column":2333},"end":{"line":3,"column":2334}},"loc":{"start":{"line":3,"column":2343},"end":{"line":3,"column":2486}},"line":3},"13":{"name":"(anonymous_13)","decl":{"start":{"line":3,"column":2533},"end":{"line":3,"column":2534}},"loc":{"start":{"line":3,"column":2544},"end":{"line":3,"column":2677}},"line":3},"14":{"name":"(anonymous_14)","decl":{"start":{"line":3,"column":2698},"end":{"line":3,"column":2699}},"loc":{"start":{"line":3,"column":2708},"end":{"line":3,"column":2962}},"line":3},"15":{"name":"(anonymous_15)","decl":{"start":{"line":3,"column":2835},"end":{"line":3,"column":2836}},"loc":{"start":{"line":3,"column":2845},"end":{"line":3,"column":2856}},"line":3},"16":{"name":"(anonymous_16)","decl":{"start":{"line":3,"column":2918},"end":{"line":3,"column":2919}},"loc":{"start":{"line":3,"column":2928},"end":{"line":3,"column":2955}},"line":3},"17":{"name":"(anonymous_17)","decl":{"start":{"line":3,"column":2995},"end":{"line":3,"column":2996}},"loc":{"start":{"line":3,"column":3006},"end":{"line":3,"column":3187}},"line":3},"18":{"name":"(anonymous_18)","decl":{"start":{"line":3,"column":3205},"end":{"line":3,"column":3206}},"loc":{"start":{"line":3,"column":3216},"end":{"line":3,"column":4032}},"line":3},"19":{"name":"(anonymous_19)","decl":{"start":{"line":3,"column":3988},"end":{"line":3,"column":3989}},"loc":{"start":{"line":3,"column":3998},"end":{"line":3,"column":4025}},"line":3},"20":{"name":"(anonymous_20)","decl":{"start":{"line":3,"column":4080},"end":{"line":3,"column":4081}},"loc":{"start":{"line":3,"column":4091},"end":{"line":3,"column":4532}},"line":3},"21":{"name":"(anonymous_21)","decl":{"start":{"line":3,"column":4451},"end":{"line":3,"column":4452}},"loc":{"start":{"line":3,"column":4461},"end":{"line":3,"column":4476}},"line":3},"22":{"name":"(anonymous_22)","decl":{"start":{"line":3,"column":4576},"end":{"line":3,"column":4577}},"loc":{"start":{"line":3,"column":4587},"end":{"line":3,"column":4622}},"line":3},"23":{"name":"(anonymous_23)","decl":{"start":{"line":3,"column":4676},"end":{"line":3,"column":4677}},"loc":{"start":{"line":3,"column":4686},"end":{"line":3,"column":5013}},"line":3},"24":{"name":"(anonymous_24)","decl":{"start":{"line":3,"column":5028},"end":{"line":3,"column":5029}},"loc":{"start":{"line":3,"column":5038},"end":{"line":3,"column":5236}},"line":3},"25":{"name":"(anonymous_25)","decl":{"start":{"line":3,"column":5099},"end":{"line":3,"column":5100}},"loc":{"start":{"line":3,"column":5109},"end":{"line":3,"column":5130}},"line":3}},"branchMap":{"0":{"loc":{"start":{"line":3,"column":65},"end":{"line":3,"column":144}},"type":"cond-expr","locations":[{"start":{"line":3,"column":77},"end":{"line":3,"column":100}},{"start":{"line":3,"column":101},"end":{"line":3,"column":144}}],"line":3},"1":{"loc":{"start":{"line":3,"column":163},"end":{"line":3,"column":224}},"type":"cond-expr","locations":[{"start":{"line":3,"column":177},"end":{"line":3,"column":200}},{"start":{"line":3,"column":201},"end":{"line":3,"column":224}}],"line":3},"2":{"loc":{"start":{"line":3,"column":243},"end":{"line":3,"column":307}},"type":"cond-expr","locations":[{"start":{"line":3,"column":257},"end":{"line":3,"column":280}},{"start":{"line":3,"column":281},"end":{"line":3,"column":307}}],"line":3},"3":{"loc":{"start":{"line":3,"column":330},"end":{"line":3,"column":341}},"type":"binary-expr","locations":[{"start":{"line":3,"column":330},"end":{"line":3,"column":331}},{"start":{"line":3,"column":333},"end":{"line":3,"column":341}}],"line":3},"4":{"loc":{"start":{"line":3,"column":391},"end":{"line":3,"column":405}},"type":"binary-expr","locations":[{"start":{"line":3,"column":391},"end":{"line":3,"column":392}},{"start":{"line":3,"column":394},"end":{"line":3,"column":405}}],"line":3},"5":{"loc":{"start":{"line":3,"column":425},"end":{"line":3,"column":439}},"type":"binary-expr","locations":[{"start":{"line":3,"column":425},"end":{"line":3,"column":426}},{"start":{"line":3,"column":428},"end":{"line":3,"column":439}}],"line":3},"6":{"loc":{"start":{"line":3,"column":442},"end":{"line":3,"column":5014}},"type":"if","locations":[{"start":{"line":3,"column":442},"end":{"line":3,"column":5014}},{"start":{"line":3,"column":442},"end":{"line":3,"column":5014}}],"line":3},"7":{"loc":{"start":{"line":3,"column":823},"end":{"line":3,"column":855}},"type":"binary-expr","locations":[{"start":{"line":3,"column":823},"end":{"line":3,"column":842}},{"start":{"line":3,"column":845},"end":{"line":3,"column":854}}],"line":3},"8":{"loc":{"start":{"line":3,"column":1235},"end":{"line":3,"column":2031}},"type":"if","locations":[{"start":{"line":3,"column":1235},"end":{"line":3,"column":2031}},{"start":{"line":3,"column":1235},"end":{"line":3,"column":2031}}],"line":3},"9":{"loc":{"start":{"line":3,"column":1273},"end":{"line":3,"column":1328}},"type":"binary-expr","locations":[{"start":{"line":3,"column":1273},"end":{"line":3,"column":1291}},{"start":{"line":3,"column":1293},"end":{"line":3,"column":1328}}],"line":3},"10":{"loc":{"start":{"line":3,"column":1385},"end":{"line":3,"column":1439}},"type":"binary-expr","locations":[{"start":{"line":3,"column":1385},"end":{"line":3,"column":1403}},{"start":{"line":3,"column":1405},"end":{"line":3,"column":1439}}],"line":3},"11":{"loc":{"start":{"line":3,"column":1508},"end":{"line":3,"column":1794}},"type":"binary-expr","locations":[{"start":{"line":3,"column":1508},"end":{"line":3,"column":1510}},{"start":{"line":3,"column":1513},"end":{"line":3,"column":1793}}],"line":3},"12":{"loc":{"start":{"line":3,"column":1540},"end":{"line":3,"column":1664}},"type":"binary-expr","locations":[{"start":{"line":3,"column":1540},"end":{"line":3,"column":1554}},{"start":{"line":3,"column":1557},"end":{"line":3,"column":1663}}],"line":3},"13":{"loc":{"start":{"line":3,"column":1582},"end":{"line":3,"column":1651}},"type":"cond-expr","locations":[{"start":{"line":3,"column":1606},"end":{"line":3,"column":1633}},{"start":{"line":3,"column":1634},"end":{"line":3,"column":1651}}],"line":3},"14":{"loc":{"start":{"line":3,"column":1665},"end":{"line":3,"column":1771}},"type":"binary-expr","locations":[{"start":{"line":3,"column":1665},"end":{"line":3,"column":1686}},{"start":{"line":3,"column":1689},"end":{"line":3,"column":1770}}],"line":3},"15":{"loc":{"start":{"line":3,"column":1795},"end":{"line":3,"column":2031}},"type":"if","locations":[{"start":{"line":3,"column":1795},"end":{"line":3,"column":2031}},{"start":{"line":3,"column":1795},"end":{"line":3,"column":2031}}],"line":3},"16":{"loc":{"start":{"line":3,"column":1887},"end":{"line":3,"column":2009}},"type":"cond-expr","locations":[{"start":{"line":3,"column":1928},"end":{"line":3,"column":1983}},{"start":{"line":3,"column":1984},"end":{"line":3,"column":2009}}],"line":3},"17":{"loc":{"start":{"line":3,"column":1984},"end":{"line":3,"column":2009}},"type":"binary-expr","locations":[{"start":{"line":3,"column":1984},"end":{"line":3,"column":1987}},{"start":{"line":3,"column":1990},"end":{"line":3,"column":2008}}],"line":3},"18":{"loc":{"start":{"line":3,"column":2209},"end":{"line":3,"column":2285}},"type":"binary-expr","locations":[{"start":{"line":3,"column":2209},"end":{"line":3,"column":2210}},{"start":{"line":3,"column":2212},"end":{"line":3,"column":2285}}],"line":3},"19":{"loc":{"start":{"line":3,"column":2406},"end":{"line":3,"column":2457}},"type":"binary-expr","locations":[{"start":{"line":3,"column":2406},"end":{"line":3,"column":2407}},{"start":{"line":3,"column":2410},"end":{"line":3,"column":2456}}],"line":3},"20":{"loc":{"start":{"line":3,"column":2545},"end":{"line":3,"column":2676}},"type":"if","locations":[{"start":{"line":3,"column":2545},"end":{"line":3,"column":2676}},{"start":{"line":3,"column":2545},"end":{"line":3,"column":2676}}],"line":3},"21":{"loc":{"start":{"line":3,"column":2794},"end":{"line":3,"column":2961}},"type":"cond-expr","locations":[{"start":{"line":3,"column":2796},"end":{"line":3,"column":2860}},{"start":{"line":3,"column":2862},"end":{"line":3,"column":2960}}],"line":3},"22":{"loc":{"start":{"line":3,"column":2796},"end":{"line":3,"column":2860}},"type":"binary-expr","locations":[{"start":{"line":3,"column":2796},"end":{"line":3,"column":2822}},{"start":{"line":3,"column":2824},"end":{"line":3,"column":2860}}],"line":3},"23":{"loc":{"start":{"line":3,"column":3021},"end":{"line":3,"column":3186}},"type":"if","locations":[{"start":{"line":3,"column":3021},"end":{"line":3,"column":3186}},{"start":{"line":3,"column":3021},"end":{"line":3,"column":3186}}],"line":3},"24":{"loc":{"start":{"line":3,"column":3037},"end":{"line":3,"column":3067}},"type":"binary-expr","locations":[{"start":{"line":3,"column":3037},"end":{"line":3,"column":3045}},{"start":{"line":3,"column":3047},"end":{"line":3,"column":3067}}],"line":3},"25":{"loc":{"start":{"line":3,"column":3223},"end":{"line":3,"column":3253}},"type":"cond-expr","locations":[{"start":{"line":3,"column":3236},"end":{"line":3,"column":3245}},{"start":{"line":3,"column":3246},"end":{"line":3,"column":3253}}],"line":3},"26":{"loc":{"start":{"line":3,"column":3254},"end":{"line":3,"column":3765}},"type":"if","locations":[{"start":{"line":3,"column":3254},"end":{"line":3,"column":3765}},{"start":{"line":3,"column":3254},"end":{"line":3,"column":3765}}],"line":3},"27":{"loc":{"start":{"line":3,"column":3257},"end":{"line":3,"column":3287}},"type":"binary-expr","locations":[{"start":{"line":3,"column":3258},"end":{"line":3,"column":3263}},{"start":{"line":3,"column":3265},"end":{"line":3,"column":3270}},{"start":{"line":3,"column":3273},"end":{"line":3,"column":3287}}],"line":3},"28":{"loc":{"start":{"line":3,"column":3360},"end":{"line":3,"column":3745}},"type":"cond-expr","locations":[{"start":{"line":3,"column":3363},"end":{"line":3,"column":3585}},{"start":{"line":3,"column":3588},"end":{"line":3,"column":3744}}],"line":3},"29":{"loc":{"start":{"line":3,"column":3365},"end":{"line":3,"column":3402}},"type":"cond-expr","locations":[{"start":{"line":3,"column":3371},"end":{"line":3,"column":3384}},{"start":{"line":3,"column":3385},"end":{"line":3,"column":3402}}],"line":3},"30":{"loc":{"start":{"line":3,"column":3403},"end":{"line":3,"column":3585}},"type":"cond-expr","locations":[{"start":{"line":3,"column":3406},"end":{"line":3,"column":3512}},{"start":{"line":3,"column":3515},"end":{"line":3,"column":3584}}],"line":3},"31":{"loc":{"start":{"line":3,"column":3590},"end":{"line":3,"column":3684}},"type":"cond-expr","locations":[{"start":{"line":3,"column":3596},"end":{"line":3,"column":3642}},{"start":{"line":3,"column":3643},"end":{"line":3,"column":3684}}],"line":3},"32":{"loc":{"start":{"line":3,"column":3765},"end":{"line":3,"column":4031}},"type":"if","locations":[{"start":{"line":3,"column":3765},"end":{"line":3,"column":4031}},{"start":{"line":3,"column":3765},"end":{"line":3,"column":4031}}],"line":3},"33":{"loc":{"start":{"line":3,"column":3824},"end":{"line":3,"column":4031}},"type":"if","locations":[{"start":{"line":3,"column":3824},"end":{"line":3,"column":4031}},{"start":{"line":3,"column":3824},"end":{"line":3,"column":4031}}],"line":3},"34":{"loc":{"start":{"line":3,"column":3827},"end":{"line":3,"column":3838}},"type":"binary-expr","locations":[{"start":{"line":3,"column":3827},"end":{"line":3,"column":3832}},{"start":{"line":3,"column":3834},"end":{"line":3,"column":3838}}],"line":3},"35":{"loc":{"start":{"line":3,"column":3902},"end":{"line":3,"column":4030}},"type":"binary-expr","locations":[{"start":{"line":3,"column":3902},"end":{"line":3,"column":3903}},{"start":{"line":3,"column":3905},"end":{"line":3,"column":3931}},{"start":{"line":3,"column":3934},"end":{"line":3,"column":4029}}],"line":3},"36":{"loc":{"start":{"line":3,"column":4098},"end":{"line":3,"column":4128}},"type":"cond-expr","locations":[{"start":{"line":3,"column":4111},"end":{"line":3,"column":4120}},{"start":{"line":3,"column":4121},"end":{"line":3,"column":4128}}],"line":3},"37":{"loc":{"start":{"line":3,"column":4129},"end":{"line":3,"column":4531}},"type":"if","locations":[{"start":{"line":3,"column":4129},"end":{"line":3,"column":4531}},{"start":{"line":3,"column":4129},"end":{"line":3,"column":4531}}],"line":3},"38":{"loc":{"start":{"line":3,"column":4132},"end":{"line":3,"column":4162}},"type":"binary-expr","locations":[{"start":{"line":3,"column":4132},"end":{"line":3,"column":4134}},{"start":{"line":3,"column":4137},"end":{"line":3,"column":4141}},{"start":{"line":3,"column":4143},"end":{"line":3,"column":4147}},{"start":{"line":3,"column":4150},"end":{"line":3,"column":4155}},{"start":{"line":3,"column":4157},"end":{"line":3,"column":4162}}],"line":3},"39":{"loc":{"start":{"line":3,"column":4178},"end":{"line":3,"column":4530}},"type":"if","locations":[{"start":{"line":3,"column":4178},"end":{"line":3,"column":4530}},{"start":{"line":3,"column":4178},"end":{"line":3,"column":4530}}],"line":3},"40":{"loc":{"start":{"line":3,"column":4203},"end":{"line":3,"column":4486}},"type":"if","locations":[{"start":{"line":3,"column":4203},"end":{"line":3,"column":4486}},{"start":{"line":3,"column":4203},"end":{"line":3,"column":4486}}],"line":3},"41":{"loc":{"start":{"line":3,"column":4221},"end":{"line":3,"column":4432}},"type":"if","locations":[{"start":{"line":3,"column":4221},"end":{"line":3,"column":4432}},{"start":{"line":3,"column":4221},"end":{"line":3,"column":4432}}],"line":3},"42":{"loc":{"start":{"line":3,"column":4268},"end":{"line":3,"column":4310}},"type":"if","locations":[{"start":{"line":3,"column":4268},"end":{"line":3,"column":4310}},{"start":{"line":3,"column":4268},"end":{"line":3,"column":4310}}],"line":3},"43":{"loc":{"start":{"line":3,"column":4377},"end":{"line":3,"column":4430}},"type":"if","locations":[{"start":{"line":3,"column":4377},"end":{"line":3,"column":4430}},{"start":{"line":3,"column":4377},"end":{"line":3,"column":4430}}],"line":3},"44":{"loc":{"start":{"line":3,"column":4380},"end":{"line":3,"column":4412}},"type":"binary-expr","locations":[{"start":{"line":3,"column":4380},"end":{"line":3,"column":4392}},{"start":{"line":3,"column":4394},"end":{"line":3,"column":4412}}],"line":3},"45":{"loc":{"start":{"line":3,"column":4623},"end":{"line":3,"column":4662}},"type":"binary-expr","locations":[{"start":{"line":3,"column":4623},"end":{"line":3,"column":4633}},{"start":{"line":3,"column":4635},"end":{"line":3,"column":4662}}],"line":3},"46":{"loc":{"start":{"line":3,"column":4870},"end":{"line":3,"column":4972}},"type":"cond-expr","locations":[{"start":{"line":3,"column":4889},"end":{"line":3,"column":4938}},{"start":{"line":3,"column":4939},"end":{"line":3,"column":4972}}],"line":3},"47":{"loc":{"start":{"line":3,"column":5039},"end":{"line":3,"column":5235}},"type":"cond-expr","locations":[{"start":{"line":3,"column":5077},"end":{"line":3,"column":5131}},{"start":{"line":3,"column":5132},"end":{"line":3,"column":5235}}],"line":3},"48":{"loc":{"start":{"line":3,"column":5039},"end":{"line":3,"column":5076}},"type":"binary-expr","locations":[{"start":{"line":3,"column":5039},"end":{"line":3,"column":5064}},{"start":{"line":3,"column":5066},"end":{"line":3,"column":5076}}],"line":3},"49":{"loc":{"start":{"line":3,"column":5132},"end":{"line":3,"column":5235}},"type":"cond-expr","locations":[{"start":{"line":3,"column":5175},"end":{"line":3,"column":5202}},{"start":{"line":3,"column":5203},"end":{"line":3,"column":5235}}],"line":3},"50":{"loc":{"start":{"line":3,"column":5132},"end":{"line":3,"column":5174}},"type":"binary-expr","locations":[{"start":{"line":3,"column":5132},"end":{"line":3,"column":5158}},{"start":{"line":3,"column":5160},"end":{"line":3,"column":5174}}],"line":3}},"s":{"0":0,"1":0,"2":0,"3":0,"4":0,"5":0,"6":0,"7":0,"8":0,"9":0,"10":0,"11":0,"12":0,"13":0,"14":0,"15":0,"16":0,"17":0,"18":0,"19":0,"20":0,"21":0,"22":0,"23":0,"24":0,"25":0,"26":0,"27":0,"28":0,"29":0,"30":0,"31":0,"32":0,"33":0,"34":0,"35":0,"36":0,"37":0,"38":0,"39":0,"40":0,"41":0,"42":0,"43":0,"44":0,"45":0,"46":0,"47":0,"48":0,"49":0,"50":0,"51":0,"52":0,"53":0,"54":0,"55":0,"56":0,"57":0,"58":0,"59":0,"60":0,"61":0,"62":0,"63":0,"64":0,"65":0,"66":0,"67":0,"68":0,"69":0,"70":0,"71":0,"72":0,"73":0,"74":0,"75":0,"76":0,"77":0,"78":0,"79":0,"80":0},"f":{"0":0,"1":0,"2":0,"3":0,"4":0,"5":0,"6":0,"7":0,"8":0,"9":0,"10":0,"11":0,"12":0,"13":0,"14":0,"15":0,"16":0,"17":0,"18":0,"19":0,"20":0,"21":0,"22":0,"23":0,"24":0,"25":0},"b":{"0":[0,0],"1":[0,0],"2":[0,0],"3":[0,0],"4":[0,0],"5":[0,0],"6":[0,0],"7":[0,0],"8":[0,0],"9":[0,0],"10":[0,0],"11":[0,0],"12":[0,0],"13":[0,0],"14":[0,0],"15":[0,0],"16":[0,0],"17":[0,0],"18":[0,0],"19":[0,0],"20":[0,0],"21":[0,0],"22":[0,0],"23":[0,0],"24":[0,0],"25":[0,0],"26":[0,0],"27":[0,0,0],"28":[0,0],"29":[0,0],"30":[0,0],"31":[0,0],"32":[0,0],"33":[0,0],"34":[0,0],"35":[0,0,0],"36":[0,0],"37":[0,0],"38":[0,0,0,0,0],"39":[0,0],"40":[0,0],"41":[0,0],"42":[0,0],"43":[0,0],"44":[0,0],"45":[0,0],"46":[0,0],"47":[0,0],"48":[0,0],"49":[0,0],"50":[0,0]}},"/Users/sswaroop/work/gauge/FT/gauge-lsp-tests/reports/html-report/js/clipboard.min.js":{"path":"/Users/sswaroop/work/gauge/FT/gauge-lsp-tests/reports/html-report/js/clipboard.min.js","statementMap":{"0":{"start":{"line":7,"column":0},"end":{"line":7,"column":10003}},"1":{"start":{"line":7,"column":13},"end":{"line":7,"column":279}},"2":{"start":{"line":7,"column":69},"end":{"line":7,"column":88}},"3":{"start":{"line":7,"column":93},"end":{"line":7,"column":279}},"4":{"start":{"line":7,"column":134},"end":{"line":7,"column":147}},"5":{"start":{"line":7,"column":158},"end":{"line":7,"column":278}},"6":{"start":{"line":7,"column":302},"end":{"line":7,"column":10000}},"7":{"start":{"line":7,"column":343},"end":{"line":7,"column":643}},"8":{"start":{"line":7,"column":353},"end":{"line":7,"column":529}},"9":{"start":{"line":7,"column":369},"end":{"line":7,"column":404}},"10":{"start":{"line":7,"column":405},"end":{"line":7,"column":429}},"11":{"start":{"line":7,"column":414},"end":{"line":7,"column":429}},"12":{"start":{"line":7,"column":429},"end":{"line":7,"column":449}},"13":{"start":{"line":7,"column":434},"end":{"line":7,"column":449}},"14":{"start":{"line":7,"column":455},"end":{"line":7,"column":494}},"15":{"start":{"line":7,"column":495},"end":{"line":7,"column":528}},"16":{"start":{"line":7,"column":535},"end":{"line":7,"column":552}},"17":{"start":{"line":7,"column":553},"end":{"line":7,"column":642}},"18":{"start":{"line":7,"column":594},"end":{"line":7,"column":604}},"19":{"start":{"line":7,"column":605},"end":{"line":7,"column":620}},"20":{"start":{"line":7,"column":643},"end":{"line":7,"column":662}},"21":{"start":{"line":7,"column":663},"end":{"line":7,"column":736}},"22":{"start":{"line":7,"column":728},"end":{"line":7,"column":736}},"23":{"start":{"line":7,"column":736},"end":{"line":7,"column":744}},"24":{"start":{"line":7,"column":772},"end":{"line":7,"column":793}},"25":{"start":{"line":7,"column":794},"end":{"line":7,"column":900}},"26":{"start":{"line":7,"column":820},"end":{"line":7,"column":899}},"27":{"start":{"line":7,"column":865},"end":{"line":7,"column":884}},"28":{"start":{"line":7,"column":875},"end":{"line":7,"column":884}},"29":{"start":{"line":7,"column":884},"end":{"line":7,"column":898}},"30":{"start":{"line":7,"column":973},"end":{"line":7,"column":996}},"31":{"start":{"line":7,"column":997},"end":{"line":7,"column":1080}},"32":{"start":{"line":7,"column":1050},"end":{"line":7,"column":1078}},"33":{"start":{"line":7,"column":1101},"end":{"line":7,"column":1184}},"34":{"start":{"line":7,"column":1120},"end":{"line":7,"column":1183}},"35":{"start":{"line":7,"column":1191},"end":{"line":7,"column":1203}},"36":{"start":{"line":7,"column":1204},"end":{"line":7,"column":1215}},"37":{"start":{"line":7,"column":1249},"end":{"line":7,"column":1668}},"38":{"start":{"line":7,"column":1268},"end":{"line":7,"column":1327}},"39":{"start":{"line":7,"column":1358},"end":{"line":7,"column":1391}},"40":{"start":{"line":7,"column":1392},"end":{"line":7,"column":1511}},"41":{"start":{"line":7,"column":1534},"end":{"line":7,"column":1579}},"42":{"start":{"line":7,"column":1604},"end":{"line":7,"column":1637}},"43":{"start":{"line":7,"column":1638},"end":{"line":7,"column":1667}},"44":{"start":{"line":7,"column":1711},"end":{"line":7,"column":1771}},"45":{"start":{"line":7,"column":1725},"end":{"line":7,"column":1771}},"46":{"start":{"line":7,"column":1771},"end":{"line":7,"column":1843}},"47":{"start":{"line":7,"column":1787},"end":{"line":7,"column":1843}},"48":{"start":{"line":7,"column":1843},"end":{"line":7,"column":1912}},"49":{"start":{"line":7,"column":1855},"end":{"line":7,"column":1912}},"50":{"start":{"line":7,"column":1912},"end":{"line":7,"column":1941}},"51":{"start":{"line":7,"column":1925},"end":{"line":7,"column":1941}},"52":{"start":{"line":7,"column":1941},"end":{"line":7,"column":1974}},"53":{"start":{"line":7,"column":1958},"end":{"line":7,"column":1974}},"54":{"start":{"line":7,"column":1974},"end":{"line":7,"column":2005}},"55":{"start":{"line":7,"column":1989},"end":{"line":7,"column":2005}},"56":{"start":{"line":7,"column":2005},"end":{"line":7,"column":2101}},"57":{"start":{"line":7,"column":2120},"end":{"line":7,"column":2199}},"58":{"start":{"line":7,"column":2171},"end":{"line":7,"column":2197}},"59":{"start":{"line":7,"column":2218},"end":{"line":7,"column":2387}},"60":{"start":{"line":7,"column":2268},"end":{"line":7,"column":2291}},"61":{"start":{"line":7,"column":2314},"end":{"line":7,"column":2385}},"62":{"start":{"line":7,"column":2357},"end":{"line":7,"column":2383}},"63":{"start":{"line":7,"column":2406},"end":{"line":7,"column":2435}},"64":{"start":{"line":7,"column":2442},"end":{"line":7,"column":2451}},"65":{"start":{"line":7,"column":2454},"end":{"line":7,"column":2467}},"66":{"start":{"line":7,"column":2468},"end":{"line":7,"column":2479}},"67":{"start":{"line":7,"column":2539},"end":{"line":7,"column":2563}},"68":{"start":{"line":7,"column":2544},"end":{"line":7,"column":2563}},"69":{"start":{"line":7,"column":2563},"end":{"line":7,"column":2645}},"70":{"start":{"line":7,"column":2625},"end":{"line":7,"column":2645}},"71":{"start":{"line":7,"column":2636},"end":{"line":7,"column":2645}},"72":{"start":{"line":7,"column":2645},"end":{"line":7,"column":2653}},"73":{"start":{"line":7,"column":2660},"end":{"line":7,"column":2677}},"74":{"start":{"line":7,"column":2680},"end":{"line":7,"column":2785}},"75":{"start":{"line":7,"column":2786},"end":{"line":7,"column":2797}},"76":{"start":{"line":7,"column":2842},"end":{"line":7,"column":3125}},"77":{"start":{"line":7,"column":2891},"end":{"line":7,"column":2949}},"78":{"start":{"line":7,"column":2954},"end":{"line":7,"column":2999}},"79":{"start":{"line":7,"column":3005},"end":{"line":7,"column":3026}},"80":{"start":{"line":7,"column":3029},"end":{"line":7,"column":3051}},"81":{"start":{"line":7,"column":3052},"end":{"line":7,"column":3124}},"82":{"start":{"line":7,"column":3125},"end":{"line":7,"column":3133}},"83":{"start":{"line":7,"column":3134},"end":{"line":7,"column":3145}},"84":{"start":{"line":7,"column":3184},"end":{"line":7,"column":3745}},"85":{"start":{"line":7,"column":3222},"end":{"line":7,"column":3241}},"86":{"start":{"line":7,"column":3242},"end":{"line":7,"column":3289}},"87":{"start":{"line":7,"column":3325},"end":{"line":7,"column":3356}},"88":{"start":{"line":7,"column":3363},"end":{"line":7,"column":3367}},"89":{"start":{"line":7,"column":3368},"end":{"line":7,"column":3395}},"90":{"start":{"line":7,"column":3420},"end":{"line":7,"column":3446}},"91":{"start":{"line":7,"column":3449},"end":{"line":7,"column":3487}},"92":{"start":{"line":7,"column":3490},"end":{"line":7,"column":3491}},"93":{"start":{"line":7,"column":3494},"end":{"line":7,"column":3502}},"94":{"start":{"line":7,"column":3503},"end":{"line":7,"column":3543}},"95":{"start":{"line":7,"column":3517},"end":{"line":7,"column":3543}},"96":{"start":{"line":7,"column":3543},"end":{"line":7,"column":3554}},"97":{"start":{"line":7,"column":3580},"end":{"line":7,"column":3599}},"98":{"start":{"line":7,"column":3602},"end":{"line":7,"column":3606}},"99":{"start":{"line":7,"column":3609},"end":{"line":7,"column":3611}},"100":{"start":{"line":7,"column":3612},"end":{"line":7,"column":3692}},"101":{"start":{"line":7,"column":3620},"end":{"line":7,"column":3692}},"102":{"start":{"line":7,"column":3651},"end":{"line":7,"column":3692}},"103":{"start":{"line":7,"column":3692},"end":{"line":7,"column":3731}},"104":{"start":{"line":7,"column":3770},"end":{"line":7,"column":7621}},"105":{"start":{"line":7,"column":3785},"end":{"line":7,"column":3954}},"106":{"start":{"line":7,"column":3816},"end":{"line":7,"column":3841}},"107":{"start":{"line":7,"column":3846},"end":{"line":7,"column":3954}},"108":{"start":{"line":7,"column":3871},"end":{"line":7,"column":3888}},"109":{"start":{"line":7,"column":3899},"end":{"line":7,"column":3911}},"110":{"start":{"line":7,"column":3912},"end":{"line":7,"column":3953}},"111":{"start":{"line":7,"column":4002},"end":{"line":7,"column":4040}},"112":{"start":{"line":7,"column":4057},"end":{"line":7,"column":4134}},"113":{"start":{"line":7,"column":4078},"end":{"line":7,"column":4134}},"114":{"start":{"line":7,"column":4141},"end":{"line":7,"column":4145}},"115":{"start":{"line":7,"column":4148},"end":{"line":7,"column":4327}},"116":{"start":{"line":7,"column":4220},"end":{"line":7,"column":4235}},"117":{"start":{"line":7,"column":4249},"end":{"line":7,"column":4326}},"118":{"start":{"line":7,"column":4330},"end":{"line":7,"column":4572}},"119":{"start":{"line":7,"column":4357},"end":{"line":7,"column":4506}},"120":{"start":{"line":7,"column":4391},"end":{"line":7,"column":4395}},"121":{"start":{"line":7,"column":4396},"end":{"line":7,"column":4505}},"122":{"start":{"line":7,"column":4507},"end":{"line":7,"column":4569}},"123":{"start":{"line":7,"column":4530},"end":{"line":7,"column":4568}},"124":{"start":{"line":7,"column":4575},"end":{"line":7,"column":7607}},"125":{"start":{"line":7,"column":4600},"end":{"line":7,"column":4653}},"126":{"start":{"line":7,"column":4654},"end":{"line":7,"column":7604}},"127":{"start":{"line":7,"column":4707},"end":{"line":7,"column":4765}},"128":{"start":{"line":7,"column":4766},"end":{"line":7,"column":4891}},"129":{"start":{"line":7,"column":4932},"end":{"line":7,"column":4992}},"130":{"start":{"line":7,"column":5036},"end":{"line":7,"column":5040}},"131":{"start":{"line":7,"column":5043},"end":{"line":7,"column":5094}},"132":{"start":{"line":7,"column":5095},"end":{"line":7,"column":5786}},"133":{"start":{"line":7,"column":5149},"end":{"line":7,"column":5170}},"134":{"start":{"line":7,"column":5824},"end":{"line":7,"column":6040}},"135":{"start":{"line":7,"column":6080},"end":{"line":7,"column":6140}},"136":{"start":{"line":7,"column":6182},"end":{"line":7,"column":6188}},"137":{"start":{"line":7,"column":6189},"end":{"line":7,"column":6243}},"138":{"start":{"line":7,"column":6193},"end":{"line":7,"column":6228}},"139":{"start":{"line":7,"column":6238},"end":{"line":7,"column":6242}},"140":{"start":{"line":7,"column":6243},"end":{"line":7,"column":6263}},"141":{"start":{"line":7,"column":6304},"end":{"line":7,"column":6560}},"142":{"start":{"line":7,"column":6602},"end":{"line":7,"column":6673}},"143":{"start":{"line":7,"column":6708},"end":{"line":7,"column":6725}},"144":{"start":{"line":7,"column":6769},"end":{"line":7,"column":6831}},"145":{"start":{"line":7,"column":6832},"end":{"line":7,"column":6963}},"146":{"start":{"line":7,"column":6894},"end":{"line":7,"column":6963}},"147":{"start":{"line":7,"column":6982},"end":{"line":7,"column":7001}},"148":{"start":{"line":7,"column":7036},"end":{"line":7,"column":7560}},"149":{"start":{"line":7,"column":7051},"end":{"line":7,"column":7189}},"150":{"start":{"line":7,"column":7126},"end":{"line":7,"column":7189}},"151":{"start":{"line":7,"column":7189},"end":{"line":7,"column":7342}},"152":{"start":{"line":7,"column":7241},"end":{"line":7,"column":7342}},"153":{"start":{"line":7,"column":7342},"end":{"line":7,"column":7545}},"154":{"start":{"line":7,"column":7423},"end":{"line":7,"column":7545}},"155":{"start":{"line":7,"column":7545},"end":{"line":7,"column":7559}},"156":{"start":{"line":7,"column":7579},"end":{"line":7,"column":7598}},"157":{"start":{"line":7,"column":7608},"end":{"line":7,"column":7619}},"158":{"start":{"line":7,"column":7654},"end":{"line":7,"column":9926}},"159":{"start":{"line":7,"column":7669},"end":{"line":7,"column":7962}},"160":{"start":{"line":7,"column":7700},"end":{"line":7,"column":7768}},"161":{"start":{"line":7,"column":7773},"end":{"line":7,"column":7962}},"162":{"start":{"line":7,"column":7798},"end":{"line":7,"column":7864}},"163":{"start":{"line":7,"column":7875},"end":{"line":7,"column":7887}},"164":{"start":{"line":7,"column":7888},"end":{"line":7,"column":7961}},"165":{"start":{"line":7,"column":8014},"end":{"line":7,"column":8052}},"166":{"start":{"line":7,"column":8069},"end":{"line":7,"column":8146}},"167":{"start":{"line":7,"column":8090},"end":{"line":7,"column":8146}},"168":{"start":{"line":7,"column":8163},"end":{"line":7,"column":8255}},"169":{"start":{"line":7,"column":8169},"end":{"line":7,"column":8255}},"170":{"start":{"line":7,"column":8255},"end":{"line":7,"column":8309}},"171":{"start":{"line":7,"column":8326},"end":{"line":7,"column":8449}},"172":{"start":{"line":7,"column":8360},"end":{"line":7,"column":8449}},"173":{"start":{"line":7,"column":8449},"end":{"line":7,"column":8624}},"174":{"start":{"line":7,"column":8647},"end":{"line":7,"column":8666}},"175":{"start":{"line":7,"column":8667},"end":{"line":7,"column":8712}},"176":{"start":{"line":7,"column":8688},"end":{"line":7,"column":8712}},"177":{"start":{"line":7,"column":8719},"end":{"line":7,"column":8723}},"178":{"start":{"line":7,"column":8726},"end":{"line":7,"column":8730}},"179":{"start":{"line":7,"column":8733},"end":{"line":7,"column":8737}},"180":{"start":{"line":7,"column":8740},"end":{"line":7,"column":9912}},"181":{"start":{"line":7,"column":8768},"end":{"line":7,"column":8778}},"182":{"start":{"line":7,"column":8784},"end":{"line":7,"column":8804}},"183":{"start":{"line":7,"column":8805},"end":{"line":7,"column":8850}},"184":{"start":{"line":7,"column":8851},"end":{"line":7,"column":9900}},"185":{"start":{"line":7,"column":8911},"end":{"line":7,"column":8969}},"186":{"start":{"line":7,"column":8970},"end":{"line":7,"column":9165}},"187":{"start":{"line":7,"column":9211},"end":{"line":7,"column":9215}},"188":{"start":{"line":7,"column":9216},"end":{"line":7,"column":9287}},"189":{"start":{"line":7,"column":9266},"end":{"line":7,"column":9285}},"190":{"start":{"line":7,"column":9329},"end":{"line":7,"column":9362}},"191":{"start":{"line":7,"column":9363},"end":{"line":7,"column":9535}},"192":{"start":{"line":7,"column":9577},"end":{"line":7,"column":9597}},"193":{"start":{"line":7,"column":9645},"end":{"line":7,"column":9658}},"194":{"start":{"line":7,"column":9659},"end":{"line":7,"column":9700}},"195":{"start":{"line":7,"column":9740},"end":{"line":7,"column":9758}},"196":{"start":{"line":7,"column":9793},"end":{"line":7,"column":9897}},"197":{"start":{"line":7,"column":9913},"end":{"line":7,"column":9924}}},"fnMap":{"0":{"name":"(anonymous_0)","decl":{"start":{"line":7,"column":1},"end":{"line":7,"column":2}},"loc":{"start":{"line":7,"column":12},"end":{"line":7,"column":280}},"line":7},"1":{"name":"(anonymous_1)","decl":{"start":{"line":7,"column":281},"end":{"line":7,"column":282}},"loc":{"start":{"line":7,"column":291},"end":{"line":7,"column":10001}},"line":7},"2":{"name":"t","decl":{"start":{"line":7,"column":318},"end":{"line":7,"column":319}},"loc":{"start":{"line":7,"column":326},"end":{"line":7,"column":745}},"line":7},"3":{"name":"i","decl":{"start":{"line":7,"column":336},"end":{"line":7,"column":337}},"loc":{"start":{"line":7,"column":342},"end":{"line":7,"column":663}},"line":7},"4":{"name":"(anonymous_4)","decl":{"start":{"line":7,"column":576},"end":{"line":7,"column":577}},"loc":{"start":{"line":7,"column":587},"end":{"line":7,"column":621}},"line":7},"5":{"name":"(anonymous_5)","decl":{"start":{"line":7,"column":750},"end":{"line":7,"column":751}},"loc":{"start":{"line":7,"column":765},"end":{"line":7,"column":901}},"line":7},"6":{"name":"(anonymous_6)","decl":{"start":{"line":7,"column":804},"end":{"line":7,"column":805}},"loc":{"start":{"line":7,"column":819},"end":{"line":7,"column":900}},"line":7},"7":{"name":"(anonymous_7)","decl":{"start":{"line":7,"column":929},"end":{"line":7,"column":930}},"loc":{"start":{"line":7,"column":944},"end":{"line":7,"column":1216}},"line":7},"8":{"name":"o","decl":{"start":{"line":7,"column":954},"end":{"line":7,"column":955}},"loc":{"start":{"line":7,"column":966},"end":{"line":7,"column":1081}},"line":7},"9":{"name":"(anonymous_9)","decl":{"start":{"line":7,"column":1039},"end":{"line":7,"column":1040}},"loc":{"start":{"line":7,"column":1049},"end":{"line":7,"column":1079}},"line":7},"10":{"name":"i","decl":{"start":{"line":7,"column":1090},"end":{"line":7,"column":1091}},"loc":{"start":{"line":7,"column":1100},"end":{"line":7,"column":1185}},"line":7},"11":{"name":"(anonymous_11)","decl":{"start":{"line":7,"column":1108},"end":{"line":7,"column":1109}},"loc":{"start":{"line":7,"column":1119},"end":{"line":7,"column":1184}},"line":7},"12":{"name":"(anonymous_12)","decl":{"start":{"line":7,"column":1233},"end":{"line":7,"column":1234}},"loc":{"start":{"line":7,"column":1248},"end":{"line":7,"column":1669}},"line":7},"13":{"name":"(anonymous_13)","decl":{"start":{"line":7,"column":1256},"end":{"line":7,"column":1257}},"loc":{"start":{"line":7,"column":1267},"end":{"line":7,"column":1328}},"line":7},"14":{"name":"(anonymous_14)","decl":{"start":{"line":7,"column":1340},"end":{"line":7,"column":1341}},"loc":{"start":{"line":7,"column":1351},"end":{"line":7,"column":1512}},"line":7},"15":{"name":"(anonymous_15)","decl":{"start":{"line":7,"column":1522},"end":{"line":7,"column":1523}},"loc":{"start":{"line":7,"column":1533},"end":{"line":7,"column":1580}},"line":7},"16":{"name":"(anonymous_16)","decl":{"start":{"line":7,"column":1586},"end":{"line":7,"column":1587}},"loc":{"start":{"line":7,"column":1597},"end":{"line":7,"column":1668}},"line":7},"17":{"name":"(anonymous_17)","decl":{"start":{"line":7,"column":1677},"end":{"line":7,"column":1678}},"loc":{"start":{"line":7,"column":1692},"end":{"line":7,"column":2480}},"line":7},"18":{"name":"o","decl":{"start":{"line":7,"column":1702},"end":{"line":7,"column":1703}},"loc":{"start":{"line":7,"column":1710},"end":{"line":7,"column":2102}},"line":7},"19":{"name":"i","decl":{"start":{"line":7,"column":2111},"end":{"line":7,"column":2112}},"loc":{"start":{"line":7,"column":2119},"end":{"line":7,"column":2200}},"line":7},"20":{"name":"(anonymous_20)","decl":{"start":{"line":7,"column":2160},"end":{"line":7,"column":2161}},"loc":{"start":{"line":7,"column":2170},"end":{"line":7,"column":2198}},"line":7},"21":{"name":"r","decl":{"start":{"line":7,"column":2209},"end":{"line":7,"column":2210}},"loc":{"start":{"line":7,"column":2217},"end":{"line":7,"column":2388}},"line":7},"22":{"name":"(anonymous_22)","decl":{"start":{"line":7,"column":2256},"end":{"line":7,"column":2257}},"loc":{"start":{"line":7,"column":2267},"end":{"line":7,"column":2292}},"line":7},"23":{"name":"(anonymous_23)","decl":{"start":{"line":7,"column":2303},"end":{"line":7,"column":2304}},"loc":{"start":{"line":7,"column":2313},"end":{"line":7,"column":2386}},"line":7},"24":{"name":"(anonymous_24)","decl":{"start":{"line":7,"column":2345},"end":{"line":7,"column":2346}},"loc":{"start":{"line":7,"column":2356},"end":{"line":7,"column":2384}},"line":7},"25":{"name":"a","decl":{"start":{"line":7,"column":2397},"end":{"line":7,"column":2398}},"loc":{"start":{"line":7,"column":2405},"end":{"line":7,"column":2436}},"line":7},"26":{"name":"(anonymous_26)","decl":{"start":{"line":7,"column":2507},"end":{"line":7,"column":2508}},"loc":{"start":{"line":7,"column":2522},"end":{"line":7,"column":2798}},"line":7},"27":{"name":"o","decl":{"start":{"line":7,"column":2532},"end":{"line":7,"column":2533}},"loc":{"start":{"line":7,"column":2538},"end":{"line":7,"column":2654}},"line":7},"28":{"name":"(anonymous_28)","decl":{"start":{"line":7,"column":2806},"end":{"line":7,"column":2807}},"loc":{"start":{"line":7,"column":2821},"end":{"line":7,"column":3146}},"line":7},"29":{"name":"o","decl":{"start":{"line":7,"column":2831},"end":{"line":7,"column":2832}},"loc":{"start":{"line":7,"column":2835},"end":{"line":7,"column":3134}},"line":7},"30":{"name":"(anonymous_30)","decl":{"start":{"line":7,"column":3154},"end":{"line":7,"column":3155}},"loc":{"start":{"line":7,"column":3169},"end":{"line":7,"column":3746}},"line":7},"31":{"name":"o","decl":{"start":{"line":7,"column":3179},"end":{"line":7,"column":3180}},"loc":{"start":{"line":7,"column":3182},"end":{"line":7,"column":3184}},"line":7},"32":{"name":"(anonymous_32)","decl":{"start":{"line":7,"column":3200},"end":{"line":7,"column":3201}},"loc":{"start":{"line":7,"column":3215},"end":{"line":7,"column":3290}},"line":7},"33":{"name":"(anonymous_33)","decl":{"start":{"line":7,"column":3296},"end":{"line":7,"column":3297}},"loc":{"start":{"line":7,"column":3311},"end":{"line":7,"column":3396}},"line":7},"34":{"name":"o","decl":{"start":{"line":7,"column":3321},"end":{"line":7,"column":3322}},"loc":{"start":{"line":7,"column":3324},"end":{"line":7,"column":3357}},"line":7},"35":{"name":"(anonymous_35)","decl":{"start":{"line":7,"column":3402},"end":{"line":7,"column":3403}},"loc":{"start":{"line":7,"column":3413},"end":{"line":7,"column":3555}},"line":7},"36":{"name":"(anonymous_36)","decl":{"start":{"line":7,"column":3560},"end":{"line":7,"column":3561}},"loc":{"start":{"line":7,"column":3573},"end":{"line":7,"column":3732}},"line":7},"37":{"name":"(anonymous_37)","decl":{"start":{"line":7,"column":3754},"end":{"line":7,"column":3755}},"loc":{"start":{"line":7,"column":3769},"end":{"line":7,"column":7622}},"line":7},"38":{"name":"(anonymous_38)","decl":{"start":{"line":7,"column":3771},"end":{"line":7,"column":3772}},"loc":{"start":{"line":7,"column":3784},"end":{"line":7,"column":3955}},"line":7},"39":{"name":"(anonymous_39)","decl":{"start":{"line":7,"column":3961},"end":{"line":7,"column":3962}},"loc":{"start":{"line":7,"column":3974},"end":{"line":7,"column":7620}},"line":7},"40":{"name":"n","decl":{"start":{"line":7,"column":3997},"end":{"line":7,"column":3998}},"loc":{"start":{"line":7,"column":4001},"end":{"line":7,"column":4041}},"line":7},"41":{"name":"o","decl":{"start":{"line":7,"column":4050},"end":{"line":7,"column":4051}},"loc":{"start":{"line":7,"column":4056},"end":{"line":7,"column":4135}},"line":7},"42":{"name":"(anonymous_42)","decl":{"start":{"line":7,"column":4208},"end":{"line":7,"column":4209}},"loc":{"start":{"line":7,"column":4219},"end":{"line":7,"column":4236}},"line":7},"43":{"name":"(anonymous_43)","decl":{"start":{"line":7,"column":4237},"end":{"line":7,"column":4238}},"loc":{"start":{"line":7,"column":4248},"end":{"line":7,"column":4327}},"line":7},"44":{"name":"(anonymous_44)","decl":{"start":{"line":7,"column":4330},"end":{"line":7,"column":4331}},"loc":{"start":{"line":7,"column":4340},"end":{"line":7,"column":4570}},"line":7},"45":{"name":"t","decl":{"start":{"line":7,"column":4350},"end":{"line":7,"column":4351}},"loc":{"start":{"line":7,"column":4356},"end":{"line":7,"column":4507}},"line":7},"46":{"name":"(anonymous_46)","decl":{"start":{"line":7,"column":4514},"end":{"line":7,"column":4515}},"loc":{"start":{"line":7,"column":4529},"end":{"line":7,"column":4569}},"line":7},"47":{"name":"(anonymous_47)","decl":{"start":{"line":7,"column":4575},"end":{"line":7,"column":4576}},"loc":{"start":{"line":7,"column":4585},"end":{"line":7,"column":7605}},"line":7},"48":{"name":"t","decl":{"start":{"line":7,"column":4595},"end":{"line":7,"column":4596}},"loc":{"start":{"line":7,"column":4599},"end":{"line":7,"column":4654}},"line":7},"49":{"name":"t","decl":{"start":{"line":7,"column":4697},"end":{"line":7,"column":4698}},"loc":{"start":{"line":7,"column":4700},"end":{"line":7,"column":4892}},"line":7},"50":{"name":"t","decl":{"start":{"line":7,"column":4928},"end":{"line":7,"column":4929}},"loc":{"start":{"line":7,"column":4931},"end":{"line":7,"column":4993}},"line":7},"51":{"name":"t","decl":{"start":{"line":7,"column":5026},"end":{"line":7,"column":5027}},"loc":{"start":{"line":7,"column":5029},"end":{"line":7,"column":5787}},"line":7},"52":{"name":"(anonymous_52)","decl":{"start":{"line":7,"column":5138},"end":{"line":7,"column":5139}},"loc":{"start":{"line":7,"column":5148},"end":{"line":7,"column":5171}},"line":7},"53":{"name":"t","decl":{"start":{"line":7,"column":5820},"end":{"line":7,"column":5821}},"loc":{"start":{"line":7,"column":5823},"end":{"line":7,"column":6041}},"line":7},"54":{"name":"t","decl":{"start":{"line":7,"column":6076},"end":{"line":7,"column":6077}},"loc":{"start":{"line":7,"column":6079},"end":{"line":7,"column":6141}},"line":7},"55":{"name":"t","decl":{"start":{"line":7,"column":6172},"end":{"line":7,"column":6173}},"loc":{"start":{"line":7,"column":6175},"end":{"line":7,"column":6264}},"line":7},"56":{"name":"t","decl":{"start":{"line":7,"column":6299},"end":{"line":7,"column":6300}},"loc":{"start":{"line":7,"column":6303},"end":{"line":7,"column":6561}},"line":7},"57":{"name":"t","decl":{"start":{"line":7,"column":6598},"end":{"line":7,"column":6599}},"loc":{"start":{"line":7,"column":6601},"end":{"line":7,"column":6674}},"line":7},"58":{"name":"t","decl":{"start":{"line":7,"column":6704},"end":{"line":7,"column":6705}},"loc":{"start":{"line":7,"column":6707},"end":{"line":7,"column":6726}},"line":7},"59":{"name":"t","decl":{"start":{"line":7,"column":6759},"end":{"line":7,"column":6760}},"loc":{"start":{"line":7,"column":6762},"end":{"line":7,"column":6964}},"line":7},"60":{"name":"t","decl":{"start":{"line":7,"column":6978},"end":{"line":7,"column":6979}},"loc":{"start":{"line":7,"column":6981},"end":{"line":7,"column":7002}},"line":7},"61":{"name":"t","decl":{"start":{"line":7,"column":7031},"end":{"line":7,"column":7032}},"loc":{"start":{"line":7,"column":7035},"end":{"line":7,"column":7561}},"line":7},"62":{"name":"t","decl":{"start":{"line":7,"column":7575},"end":{"line":7,"column":7576}},"loc":{"start":{"line":7,"column":7578},"end":{"line":7,"column":7599}},"line":7},"63":{"name":"(anonymous_63)","decl":{"start":{"line":7,"column":7638},"end":{"line":7,"column":7639}},"loc":{"start":{"line":7,"column":7653},"end":{"line":7,"column":9927}},"line":7},"64":{"name":"(anonymous_64)","decl":{"start":{"line":7,"column":7655},"end":{"line":7,"column":7656}},"loc":{"start":{"line":7,"column":7668},"end":{"line":7,"column":7963}},"line":7},"65":{"name":"(anonymous_65)","decl":{"start":{"line":7,"column":7969},"end":{"line":7,"column":7970}},"loc":{"start":{"line":7,"column":7986},"end":{"line":7,"column":9925}},"line":7},"66":{"name":"i","decl":{"start":{"line":7,"column":8009},"end":{"line":7,"column":8010}},"loc":{"start":{"line":7,"column":8013},"end":{"line":7,"column":8053}},"line":7},"67":{"name":"r","decl":{"start":{"line":7,"column":8062},"end":{"line":7,"column":8063}},"loc":{"start":{"line":7,"column":8068},"end":{"line":7,"column":8147}},"line":7},"68":{"name":"a","decl":{"start":{"line":7,"column":8156},"end":{"line":7,"column":8157}},"loc":{"start":{"line":7,"column":8162},"end":{"line":7,"column":8310}},"line":7},"69":{"name":"c","decl":{"start":{"line":7,"column":8319},"end":{"line":7,"column":8320}},"loc":{"start":{"line":7,"column":8325},"end":{"line":7,"column":8625}},"line":7},"70":{"name":"s","decl":{"start":{"line":7,"column":8634},"end":{"line":7,"column":8635}},"loc":{"start":{"line":7,"column":8640},"end":{"line":7,"column":8713}},"line":7},"71":{"name":"(anonymous_71)","decl":{"start":{"line":7,"column":8740},"end":{"line":7,"column":8741}},"loc":{"start":{"line":7,"column":8751},"end":{"line":7,"column":9901}},"line":7},"72":{"name":"e","decl":{"start":{"line":7,"column":8761},"end":{"line":7,"column":8762}},"loc":{"start":{"line":7,"column":8767},"end":{"line":7,"column":8851}},"line":7},"73":{"name":"t","decl":{"start":{"line":7,"column":8901},"end":{"line":7,"column":8902}},"loc":{"start":{"line":7,"column":8904},"end":{"line":7,"column":9166}},"line":7},"74":{"name":"t","decl":{"start":{"line":7,"column":9200},"end":{"line":7,"column":9201}},"loc":{"start":{"line":7,"column":9204},"end":{"line":7,"column":9288}},"line":7},"75":{"name":"(anonymous_75)","decl":{"start":{"line":7,"column":9254},"end":{"line":7,"column":9255}},"loc":{"start":{"line":7,"column":9265},"end":{"line":7,"column":9286}},"line":7},"76":{"name":"t","decl":{"start":{"line":7,"column":9318},"end":{"line":7,"column":9319}},"loc":{"start":{"line":7,"column":9322},"end":{"line":7,"column":9536}},"line":7},"77":{"name":"t","decl":{"start":{"line":7,"column":9572},"end":{"line":7,"column":9573}},"loc":{"start":{"line":7,"column":9576},"end":{"line":7,"column":9598}},"line":7},"78":{"name":"t","decl":{"start":{"line":7,"column":9634},"end":{"line":7,"column":9635}},"loc":{"start":{"line":7,"column":9638},"end":{"line":7,"column":9701}},"line":7},"79":{"name":"t","decl":{"start":{"line":7,"column":9735},"end":{"line":7,"column":9736}},"loc":{"start":{"line":7,"column":9739},"end":{"line":7,"column":9759}},"line":7},"80":{"name":"t","decl":{"start":{"line":7,"column":9789},"end":{"line":7,"column":9790}},"loc":{"start":{"line":7,"column":9792},"end":{"line":7,"column":9898}},"line":7}},"branchMap":{"0":{"loc":{"start":{"line":7,"column":13},"end":{"line":7,"column":279}},"type":"if","locations":[{"start":{"line":7,"column":13},"end":{"line":7,"column":279}},{"start":{"line":7,"column":13},"end":{"line":7,"column":279}}],"line":7},"1":{"loc":{"start":{"line":7,"column":16},"end":{"line":7,"column":68}},"type":"binary-expr","locations":[{"start":{"line":7,"column":16},"end":{"line":7,"column":40}},{"start":{"line":7,"column":42},"end":{"line":7,"column":68}}],"line":7},"2":{"loc":{"start":{"line":7,"column":93},"end":{"line":7,"column":279}},"type":"if","locations":[{"start":{"line":7,"column":93},"end":{"line":7,"column":279}},{"start":{"line":7,"column":93},"end":{"line":7,"column":279}}],"line":7},"3":{"loc":{"start":{"line":7,"column":96},"end":{"line":7,"column":133}},"type":"binary-expr","locations":[{"start":{"line":7,"column":96},"end":{"line":7,"column":121}},{"start":{"line":7,"column":123},"end":{"line":7,"column":133}}],"line":7},"4":{"loc":{"start":{"line":7,"column":160},"end":{"line":7,"column":262}},"type":"cond-expr","locations":[{"start":{"line":7,"column":187},"end":{"line":7,"column":193}},{"start":{"line":7,"column":194},"end":{"line":7,"column":262}}],"line":7},"5":{"loc":{"start":{"line":7,"column":194},"end":{"line":7,"column":262}},"type":"cond-expr","locations":[{"start":{"line":7,"column":221},"end":{"line":7,"column":227}},{"start":{"line":7,"column":228},"end":{"line":7,"column":262}}],"line":7},"6":{"loc":{"start":{"line":7,"column":228},"end":{"line":7,"column":262}},"type":"cond-expr","locations":[{"start":{"line":7,"column":253},"end":{"line":7,"column":257}},{"start":{"line":7,"column":258},"end":{"line":7,"column":262}}],"line":7},"7":{"loc":{"start":{"line":7,"column":343},"end":{"line":7,"column":643}},"type":"if","locations":[{"start":{"line":7,"col
[...]
mn":1}},"line":73}},"branchMap":{"0":{"loc":{"start":{"line":41,"column":17},"end":{"line":41,"column":79}},"type":"cond-expr","locations":[{"start":{"line":41,"column":54},"end":{"line":41,"column":58}},{"start":{"line":41,"column":59},"end":{"line":41,"column":79}}],"line":41},"1":{"loc":{"start":{"line":43,"column":4},"end":{"line":44,"column":65}},"type":"if","locations":[{"start":{"line":43,"column":4},"end":{"line":44,"column":65}},{"start":{"line":43,"column":4},"end":{"line":44,"column":65}}],"line":43},"2":{"loc":{"start":{"line":48,"column":17},"end":{"line":48,"column":79}},"type":"cond-expr","locations":[{"start":{"line":48,"column":54},"end":{"line":48,"column":58}},{"start":{"line":48,"column":59},"end":{"line":48,"column":79}}],"line":48},"3":{"loc":{"start":{"line":57,"column":4},"end":{"line":60,"column":87}},"type":"if","locations":[{"start":{"line":57,"column":4},"end":{"line":60,"column":87}},{"start":{"line":57,"column":4},"end":{"line":60,"column":87}}],"line":57}},"s":{"0":0,"1":0,"2":0,"3":0,"4":0,"5":0,"6":0,"7":0,"8":0,"9":0,"10":0,"11":0,"12":0,"13":0,"14":0,"15":0,"16":0,"17":0,"18":0,"19":0,"20":0,"21":0,"22":0,"23":0,"24":0,"25":0,"26":0,"27":0,"28":0,"29":0,"30":0,"31":0,"32":0,"33":0,"34":0,"35":0,"36":0,"37":0,"38":0,"39":0,"40":0,"41":0,"42":0,"43":0,"44":0},"f":{"0":0,"1":0,"2":0,"3":0,"4":0,"5":0,"6":0,"7":0,"8":0,"9":0},"b":{"0":[0,0],"1":[0,0],"2":[0,0],"3":[0,0]}},"/Users/sswaroop/work/gauge/FT/gauge-lsp-tests/tests/rename.js":{"path":"/Users/sswaroop/work/gauge/FT/gauge-lsp-tests/tests/rename.js","statementMap":{"0":{"start":{"line":1,"column":21},"end":{"line":1,"column":52}},"1":{"start":{"line":2,"column":11},"end":{"line":2,"column":42}},"2":{"start":{"line":3,"column":14},"end":{"line":3,"column":47}},"3":{"start":{"line":4,"column":11},"end":{"line":4,"column":26}},"4":{"start":{"line":5,"column":13},"end":{"line":5,"column":30}},"5":{"start":{"line":6,"column":10},"end":{"line":6,"column":23}},"6":{"start":{"line":7,"column":0},"end":{"line":11,"column":3}},"7":{"start":{"line":8,"column":15},"end":{"line":8,"column":49}},"8":{"start":{"line":9,"column":14},"end":{"line":9,"column":109}},"9":{"start":{"line":10,"column":1},"end":{"line":10,"column":46}},"10":{"start":{"line":14,"column":15},"end":{"line":14,"column":17}},"11":{"start":{"line":15,"column":1},"end":{"line":31,"column":2}},"12":{"start":{"line":16,"column":16},"end":{"line":16,"column":55}},"13":{"start":{"line":17,"column":21},"end":{"line":17,"column":47}},"14":{"start":{"line":18,"column":19},"end":{"line":18,"column":49}},"15":{"start":{"line":19,"column":2},"end":{"line":22,"column":3}},"16":{"start":{"line":20,"column":3},"end":{"line":20,"column":112}},"17":{"start":{"line":21,"column":3},"end":{"line":21,"column":11}},"18":{"start":{"line":23,"column":2},"end":{"line":23,"column":88}},"19":{"start":{"line":23,"column":38},"end":{"line":23,"column":84}},"20":{"start":{"line":24,"column":2},"end":{"line":24,"column":86}},"21":{"start":{"line":24,"column":36},"end":{"line":24,"column":82}},"22":{"start":{"line":25,"column":2},"end":{"line":30,"column":3}},"23":{"start":{"line":26,"column":18},"end":{"line":26,"column":33}},"24":{"start":{"line":27,"column":16},"end":{"line":27,"column":29}},"25":{"start":{"line":28,"column":3},"end":{"line":28,"column":50}},"26":{"start":{"line":29,"column":3},"end":{"line":29,"column":121}},"27":{"start":{"line":32,"column":1},"end":{"line":33,"column":42}},"28":{"start":{"line":33,"column":2},"end":{"line":33,"column":42}}},"fnMap":{"0":{"name":"(anonymous_0)","decl":{"start":{"line":7,"column":32},"end":{"line":7,"column":33}},"loc":{"start":{"line":7,"column":61},"end":{"line":11,"column":1}},"line":7},"1":{"name":"verifyRefactorResult","decl":{"start":{"line":13,"column":9},"end":{"line":13,"column":29}},"loc":{"start":{"line":13,"column":62},"end":{"line":34,"column":1}},"line":13},"2":{"name":"(anonymous_2)","decl":{"start":{"line":23,"column":20},"end":{"line":23,"column":21}},"loc":{"start":{"line":23,"column":36},"end":{"line":23,"column":86}},"line":23},"3":{"name":"(anonymous_3)","decl":{"start":{"line":24,"column":18},"end":{"line":24,"column":19}},"loc":{"start":{"line":24,"column":34},"end":{"line":24,"column":84}},"line":24}},"branchMap":{"0":{"loc":{"start":{"line":19,"column":2},"end":{"line":22,"column":3}},"type":"if","locations":[{"start":{"line":19,"column":2},"end":{"line":22,"column":3}},{"start":{"line":19,"column":2},"end":{"line":22,"column":3}}],"line":19},"1":{"loc":{"start":{"line":32,"column":1},"end":{"line":33,"column":42}},"type":"if","locations":[{"start":{"line":32,"column":1},"end":{"line":33,"column":42}},{"start":{"line":32,"column":1},"end":{"line":33,"column":42}}],"line":32}},"s":{"0":0,"1":0,"2":0,"3":0,"4":0,"5":0,"6":0,"7":0,"8":0,"9":0,"10":0,"11":0,"12":0,"13":0,"14":0,"15":0,"16":0,"17":0,"18":0,"19":0,"20":0,"21":0,"22":0,"23":0,"24":0,"25":0,"26":0,"27":0,"28":0},"f":{"0":0,"1":0,"2":0,"3":0},"b":{"0":[0,0],"1":[0,0]}},"/Users/sswaroop/work/gauge/FT/gauge-lsp-tests/tests/symbols.js":{"path":"/Users/sswaroop/work/gauge/FT/gauge-lsp-tests/tests/symbols.js","statementMap":{"0":{"start":{"line":1,"column":16},"end":{"line":1,"column":33}},"1":{"start":{"line":2,"column":24},"end":{"line":2,"column":55}},"2":{"start":{"line":3,"column":0},"end":{"line":8,"column":3}},"3":{"start":{"line":4,"column":17},"end":{"line":4,"column":71}},"4":{"start":{"line":5,"column":21},"end":{"line":5,"column":40}},"5":{"start":{"line":6,"column":4},"end":{"line":6,"column":50}},"6":{"start":{"line":7,"column":4},"end":{"line":7,"column":40}},"7":{"start":{"line":10,"column":0},"end":{"line":15,"column":3}},"8":{"start":{"line":11,"column":17},"end":{"line":11,"column":82}},"9":{"start":{"line":12,"column":21},"end":{"line":12,"column":40}},"10":{"start":{"line":13,"column":4},"end":{"line":13,"column":50}},"11":{"start":{"line":14,"column":4},"end":{"line":14,"column":40}}},"fnMap":{"0":{"name":"(anonymous_0)","decl":{"start":{"line":3,"column":64},"end":{"line":3,"column":65}},"loc":{"start":{"line":3,"column":107},"end":{"line":8,"column":1}},"line":3},"1":{"name":"(anonymous_1)","decl":{"start":{"line":10,"column":58},"end":{"line":10,"column":59}},"loc":{"start":{"line":10,"column":90},"end":{"line":15,"column":1}},"line":10}},"branchMap":{},"s":{"0":0,"1":0,"2":0,"3":0,"4":0,"5":0,"6":0,"7":0,"8":0,"9":0,"10":0,"11":0},"f":{"0":0,"1":0},"b":{}},"/Users/sswaroop/work/gauge/FT/gauge-lsp-tests/tests/timer.js":{"path":"/Users/sswaroop/work/gauge/FT/gauge-lsp-tests/tests/timer.js","statementMap":{"0":{"start":{"line":1,"column":0},"end":{"line":3,"column":3}},"1":{"start":{"line":2,"column":1},"end":{"line":2,"column":24}},"2":{"start":{"line":7,"column":11},"end":{"line":7,"column":21}},"3":{"start":{"line":8,"column":2},"end":{"line":8,"column":32}},"4":{"start":{"line":9,"column":2},"end":{"line":9,"column":46}}},"fnMap":{"0":{"name":"(anonymous_0)","decl":{"start":{"line":1,"column":39},"end":{"line":1,"column":40}},"loc":{"start":{"line":1,"column":67},"end":{"line":3,"column":1}},"line":1},"1":{"name":"sleep","decl":{"start":{"line":5,"column":9},"end":{"line":5,"column":14}},"loc":{"start":{"line":6,"column":0},"end":{"line":10,"column":1}},"line":6}},"branchMap":{},"s":{"0":0,"1":0,"2":0,"3":0,"4":0},"f":{"0":0,"1":0},"b":{}},"/Users/sswaroop/work/gauge/FT/gauge-lsp-tests/tests/user.js":{"path":"/Users/sswaroop/work/gauge/FT/gauge-lsp-tests/tests/user.js","statementMap":{"0":{"start":{"line":1,"column":10},"end":{"line":1,"column":24}},"1":{"start":{"line":2,"column":10},"end":{"line":2,"column":28}},"2":{"start":{"line":3,"column":9},"end":{"line":3,"column":22}},"3":{"start":{"line":4,"column":11},"end":{"line":4,"column":42}},"4":{"start":{"line":6,"column":10},"end":{"line":6,"column":23}},"5":{"start":{"line":7,"column":11},"end":{"line":7,"column":26}},"6":{"start":{"line":10,"column":4},"end":{"line":10,"column":29}},"7":{"start":{"line":14,"column":4},"end":{"line":14,"column":27}},"8":{"start":{"line":15,"column":4},"end":{"line":16,"column":38}},"9":{"start":{"line":16,"column":8},"end":{"line":16,"column":38}},"10":{"start":{"line":17,"column":4},"end":{"line":17,"column":23}},"11":{"start":{"line":21,"column":4},"end":{"line":21,"column":34}},"12":{"start":{"line":25,"column":4},"end":{"line":28,"column":5}},"13":{"start":{"line":27,"column":8},"end":{"line":27,"column":32}},"14":{"start":{"line":32,"column":4},"end":{"line":33,"column":31}},"15":{"start":{"line":33,"column":8},"end":{"line":33,"column":31}},"16":{"start":{"line":36,"column":0},"end":{"line":42,"column":1}}},"fnMap":{"0":{"name":"copyDataToDir","decl":{"start":{"line":9,"column":9},"end":{"line":9,"column":22}},"loc":{"start":{"line":9,"column":42},"end":{"line":11,"column":1}},"line":9},"1":{"name":"createTempDirectory","decl":{"start":{"line":13,"column":9},"end":{"line":13,"column":28}},"loc":{"start":{"line":13,"column":30},"end":{"line":18,"column":1}},"line":13},"2":{"name":"getProjectDirectory","decl":{"start":{"line":20,"column":9},"end":{"line":20,"column":28}},"loc":{"start":{"line":20,"column":30},"end":{"line":22,"column":1}},"line":20},"3":{"name":"removeCallback","decl":{"start":{"line":24,"column":9},"end":{"line":24,"column":23}},"loc":{"start":{"line":24,"column":25},"end":{"line":29,"column":1}},"line":24},"4":{"name":"removeTempDirectory","decl":{"start":{"line":31,"column":9},"end":{"line":31,"column":28}},"loc":{"start":{"line":31,"column":30},"end":{"line":34,"column":1}},"line":31}},"branchMap":{"0":{"loc":{"start":{"line":15,"column":4},"end":{"line":16,"column":38}},"type":"if","locations":[{"start":{"line":15,"column":4},"end":{"line":16,"column":38}},{"start":{"line":15,"column":4},"end":{"line":16,"column":38}}],"line":15},"1":{"loc":{"start":{"line":25,"column":4},"end":{"line":28,"column":5}},"type":"if","locations":[{"start":{"line":25,"column":4},"end":{"line":28,"column":5}},{"start":{"line":25,"column":4},"end":{"line":28,"column":5}}],"line":25},"2":{"loc":{"start":{"line":32,"column":4},"end":{"line":33,"column":31}},"type":"if","locations":[{"start":{"line":32,"column":4},"end":{"line":33,"column":31}},{"start":{"line":32,"column":4},"end":{"line":33,"column":31}}],"line":32}},"s":{"0":0,"1":0,"2":0,"3":0,"4":0,"5":0,"6":0,"7":0,"8":0,"9":0,"10":0,"11":0,"12":0,"13":0,"14":0,"15":0,"16":0},"f":{"0":0,"1":0,"2":0,"3":0,"4":0},"b":{"0":[0,0],"1":[0,0],"2":[0,0]}},"/Users/sswaroop/work/gauge/FT/gauge-lsp-tests/tests/util/fileExtension.js":{"path":"/Users/sswaroop/work/gauge/FT/gauge-lsp-tests/tests/util/fileExtension.js","statementMap":{"0":{"start":{"line":1,"column":16},"end":{"line":1,"column":45}},"1":{"start":{"line":2,"column":12},"end":{"line":2,"column":27}},"2":{"start":{"line":4,"column":10},"end":{"line":4,"column":23}},"3":{"start":{"line":5,"column":9},"end":{"line":5,"column":22}},"4":{"start":{"line":8,"column":4},"end":{"line":8,"column":65}},"5":{"start":{"line":12,"column":4},"end":{"line":13,"column":68}},"6":{"start":{"line":13,"column":8},"end":{"line":13,"column":68}},"7":{"start":{"line":14,"column":4},"end":{"line":14,"column":62}},"8":{"start":{"line":18,"column":4},"end":{"line":19,"column":59}},"9":{"start":{"line":19,"column":8},"end":{"line":19,"column":59}},"10":{"start":{"line":20,"column":4},"end":{"line":20,"column":38}},"11":{"start":{"line":24,"column":4},"end":{"line":24,"column":42}},"12":{"start":{"line":28,"column":4},"end":{"line":28,"column":43}},"13":{"start":{"line":32,"column":4},"end":{"line":34,"column":7}},"14":{"start":{"line":33,"column":8},"end":{"line":33,"column":48}},"15":{"start":{"line":33,"column":19},"end":{"line":33,"column":48}},"16":{"start":{"line":38,"column":4},"end":{"line":38,"column":52}},"17":{"start":{"line":42,"column":4},"end":{"line":42,"column":32}},"18":{"start":{"line":46,"column":4},"end":{"line":46,"column":30}},"19":{"start":{"line":50,"column":4},"end":{"line":50,"column":31}},"20":{"start":{"line":54,"column":4},"end":{"line":58,"column":5}},"21":{"start":{"line":56,"column":8},"end":{"line":56,"column":26}},"22":{"start":{"line":57,"column":8},"end":{"line":57,"column":19}},"23":{"start":{"line":59,"column":4},"end":{"line":59,"column":16}},"24":{"start":{"line":63,"column":4},"end":{"line":67,"column":5}},"25":{"start":{"line":63,"column":22},"end":{"line":63,"column":45}},"26":{"start":{"line":65,"column":8},"end":{"line":65,"column":72}},"27":{"start":{"line":66,"column":8},"end":{"line":66,"column":15}},"28":{"start":{"line":68,"column":4},"end":{"line":77,"column":9}},"29":{"start":{"line":69,"column":8},"end":{"line":77,"column":9}},"30":{"start":{"line":70,"column":23},"end":{"line":70,"column":53}},"31":{"start":{"line":71,"column":8},"end":{"line":72,"column":20}},"32":{"start":{"line":72,"column":12},"end":{"line":72,"column":20}},"33":{"start":{"line":73,"column":8},"end":{"line":76,"column":38}},"34":{"start":{"line":74,"column":12},"end":{"line":74,"column":36}},"35":{"start":{"line":76,"column":12},"end":{"line":76,"column":38}},"36":{"start":{"line":81,"column":4},"end":{"line":82,"column":74}},"37":{"start":{"line":81,"column":10},"end":{"line":81,"column":29}},"38":{"start":{"line":82,"column":15},"end":{"line":82,"column":72}},"39":{"start":{"line":85,"column":0},"end":{"line":98,"column":1}}},"fnMap":{"0":{"name":"getUri","decl":{"start":{"line":7,"column":9},"end":{"line":7,"column":15}},"loc":{"start":{"line":7,"column":25},"end":{"line":9,"column":1}},"line":7},"1":{"name":"getFSPath","decl":{"start":{"line":11,"column":9},"end":{"line":11,"column":18}},"loc":{"start":{"line":11,"column":38},"end":{"line":15,"column":1}},"line":11},"2":{"name":"getPath","decl":{"start":{"line":17,"column":9},"end":{"line":17,"column":16}},"loc":{"start":{"line":17,"column":29},"end":{"line":21,"column":1}},"line":17},"3":{"name":"parseContent","decl":{"start":{"line":23,"column":9},"end":{"line":23,"column":21}},"loc":{"start":{"line":23,"column":28},"end":{"line":25,"column":1}},"line":23},"4":{"name":"write","decl":{"start":{"line":27,"column":9},"end":{"line":27,"column":14}},"loc":{"start":{"line":27,"column":30},"end":{"line":29,"column":1}},"line":27},"5":{"name":"rename","decl":{"start":{"line":31,"column":9},"end":{"line":31,"column":15}},"loc":{"start":{"line":31,"column":32},"end":{"line":35,"column":1}},"line":31},"6":{"name":"(anonymous_6)","decl":{"start":{"line":32,"column":32},"end":{"line":32,"column":33}},"loc":{"start":{"line":32,"column":46},"end":{"line":34,"column":5}},"line":32},"7":{"name":"save","decl":{"start":{"line":37,"column":9},"end":{"line":37,"column":13}},"loc":{"start":{"line":37,"column":31},"end":{"line":39,"column":1}},"line":37},"8":{"name":"openFile","decl":{"start":{"line":41,"column":9},"end":{"line":41,"column":17}},"loc":{"start":{"line":41,"column":23},"end":{"line":43,"column":1}},"line":41},"9":{"name":"copyFile","decl":{"start":{"line":45,"column":9},"end":{"line":45,"column":17}},"loc":{"start":{"line":45,"column":27},"end":{"line":47,"column":1}},"line":45},"10":{"name":"exists","decl":{"start":{"line":49,"column":9},"end":{"line":49,"column":15}},"loc":{"start":{"line":49,"column":21},"end":{"line":51,"column":1}},"line":49},"11":{"name":"createDirIfNotPresent","decl":{"start":{"line":53,"column":9},"end":{"line":53,"column":30}},"loc":{"start":{"line":53,"column":36},"end":{"line":60,"column":1}},"line":53},"12":{"name":"rmContentsOfDir","decl":{"start":{"line":62,"column":9},"end":{"line":62,"column":24}},"loc":{"start":{"line":62,"column":44},"end":{"line":78,"column":1}},"line":62},"13":{"name":"remove","decl":{"start":{"line":80,"column":9},"end":{"line":80,"column":15}},"loc":{"start":{"line":80,"column":22},"end":{"line":83,"column":1}},"line":80}},"branchMap":{"0":{"loc":{"start":{"line":12,"column":4},"end":{"line":13,"column":68}},"type":"if","locations":[{"start":{"line":12,"column":4},"end":{"line":13,"column":68}},{"start":{"line":12,"column":4},"end":{"line":13,"column":68}}],"line":12},"1":{"loc":{"start":{"line":18,"column":4},"end":{"line":19,"column":59}},"type":"if","locations":[{"start":{"line":18,"column":4},"end":{"line":19,"column":59}},{"start":{"line":18,"column":4},"end":{"line":19,"column":59}}],"line":18},"2":{"loc":{"start":{"line":33,"column":8},"end":{"line":33,"column":48}},"type":"if","locations":[{"start":{"line":33,"column":8},"end":{"line":33,"column":48}},{"start":{"line":33,"column":8},"end":{"line":33,"column":48}}],"line":33},"3":{"loc":{"start":{"line":54,"column":4},"end":{"line":58,"column":5}},"type":"if","locations":[{"start":{"line":54,"column":4},"end":{"line":58,"column":5}},{"start":{"line":54,"column":4},"end":{"line":58,"column":5}}],"line":54},"4":{"loc":{"start":{"line":68,"column":4},"end":{"line":77,"column":9}},"type":"if","locations":[{"start":{"line":68,"column":4},"end":{"line":77,"column":9}},{"start":{"line":68,"column":4},"end":{"line":77,"column":9}}],"line":68},"5":{"loc":{"start":{"line":71,"column":8},"end":{"line":72,"column":20}},"type":"if","locations":[{"start":{"line":71,"column":8},"end":{"line":72,"column":20}},{"start":{"line":71,"column":8},"end":{"line":72,"column":20}}],"line":71},"6":{"loc":{"start":{"line":71,"column":11},"end":{"line":71,"column":53}},"type":"binary-expr","locations":[{"start":{"line":71,"column":11},"end":{"line":71,"column":20}},{"start":{"line":71,"column":24},"end":{"line":71,"column":53}}],"line":71},"7":{"loc":{"start":{"line":73,"column":8},"end":{"line":76,"column":38}},"type":"if","locations":[{"start":{"line":73,"column":8},"end":{"line":76,"column":38}},{"start":{"line":73,"column":8},"end":{"line":76,"column":38}}],"line":73}},"s":{"0":0,"1":0,"2":0,"3":0,"4":0,"5":0,"6":0,"7":0,"8":0,"9":0,"10":0,"11":0,"12":0,"13":0,"14":0,"15":0,"16":0,"17":0,"18":0,"19":0,"20":0,"21":0,"22":0,"23":0,"24":0,"25":0,"26":0,"27":0,"28":0,"29":0,"30":0,"31":0,"32":0,"33":0,"34":0,"35":0,"36":0,"37":0,"38":0,"39":0},"f":{"0":0,"1":0,"2":0,"3":0,"4":0,"5":0,"6":0,"7":0,"8":0,"9":0,"10":0,"11":0,"12":0,"13":0},"b":{"0":[0,0],"1":[0,0],"2":[0,0],"3":[0,0],"4":[0,0],"5":[0,0],"6":[0,0],"7":[0,0]}},"/Users/sswaroop/work/gauge/FT/gauge-lsp-tests/tests/util/table.js":{"path":"/Users/sswaroop/work/gauge/FT/gauge-lsp-tests/tests/util/table.js","statementMap":{"0":{"start":{"line":4,"column":16},"end":{"line":4,"column":18}},"1":{"start":{"line":6,"column":4},"end":{"line":11,"column":6}},"2":{"start":{"line":7,"column":6},"end":{"line":7,"column":22}},"3":{"start":{"line":8,"column":6},"end":{"line":10,"column":9}},"4":{"start":{"line":9,"column":8},"end":{"line":9,"column":43}},"5":{"start":{"line":13,"column":4},"end":{"line":13,"column":17}},"6":{"start":{"line":16,"column":0},"end":{"line":16,"column":45}}},"fnMap":{"0":{"name":"tableToArray","decl":{"start":{"line":3,"column":9},"end":{"line":3,"column":21}},"loc":{"start":{"line":3,"column":28},"end":{"line":14,"column":3}},"line":3},"1":{"name":"(anonymous_1)","decl":{"start":{"line":6,"column":32},"end":{"line":6,"column":33}},"loc":{"start":{"line":6,"column":53},"end":{"line":11,"column":5}},"line":6},"2":{"name":"(anonymous_2)","decl":{"start":{"line":8,"column":25},"end":{"line":8,"column":26}},"loc":{"start":{"line":8,"column":40},"end":{"line":10,"column":7}},"line":8}},"branchMap":{},"s":{"0":0,"1":0,"2":0,"3":0,"4":0,"5":0,"6":0},"f":{"0":0,"1":0,"2":0},"b":{}},"/Users/sswaroop/work/gauge/FT/gauge-lsp-tests/tests/util/timer.js":{"path":"/Users/sswaroop/work/gauge/FT/gauge-lsp-tests/tests/util/timer.js","statementMap":{"0":{"start":{"line":4,"column":19},"end":{"line":4,"column":54}},"1":{"start":{"line":5,"column":4},"end":{"line":5,"column":34}},"2":{"start":{"line":8,"column":0},"end":{"line":8,"column":31}}},"fnMap":{"0":{"name":"sleep","decl":{"start":{"line":3,"column":9},"end":{"line":3,"column":14}},"loc":{"start":{"line":3,"column":18},"end":{"line":6,"column":1}},"line":3}},"branchMap":{},"s":{"0":0,"1":0,"2":0},"f":{"0":0},"b":{}}}